/media/soumik/18D07164D07148D0/CODE/GIT/Office_Codes/Ros2/samdhan_ng_processing/install/chlorophyll_node/lib/python3.10/site-packages/chlorophyll_node/chloro_node.py
/media/soumik/18D07164D07148D0/CODE/GIT/Office_Codes/Ros2/samdhan_ng_processing/install/chlorophyll_node/lib/python3.10/site-packages/chlorophyll_node/image_processing.py
/media/soumik/18D07164D07148D0/CODE/GIT/Office_Codes/Ros2/samdhan_ng_processing/install/chlorophyll_node/lib/python3.10/site-packages/chlorophyll_node/__init__.py
/media/soumik/18D07164D07148D0/CODE/GIT/Office_Codes/Ros2/samdhan_ng_processing/install/chlorophyll_node/lib/python3.10/site-packages/chlorophyll_node/__pycache__/chloro_node.cpython-310.pyc
/media/soumik/18D07164D07148D0/CODE/GIT/Office_Codes/Ros2/samdhan_ng_processing/install/chlorophyll_node/lib/python3.10/site-packages/chlorophyll_node/__pycache__/image_processing.cpython-310.pyc
/media/soumik/18D07164D07148D0/CODE/GIT/Office_Codes/Ros2/samdhan_ng_processing/install/chlorophyll_node/lib/python3.10/site-packages/chlorophyll_node/__pycache__/__init__.cpython-310.pyc
/media/soumik/18D07164D07148D0/CODE/GIT/Office_Codes/Ros2/samdhan_ng_processing/install/chlorophyll_node/share/ament_index/resource_index/packages/chlorophyll_node
/media/soumik/18D07164D07148D0/CODE/GIT/Office_Codes/Ros2/samdhan_ng_processing/install/chlorophyll_node/share/chlorophyll_node/package.xml
/media/soumik/18D07164D07148D0/CODE/GIT/Office_Codes/Ros2/samdhan_ng_processing/install/chlorophyll_node/share/chlorophyll_node/launch/chlorophyll_node.launch.py
/media/soumik/18D07164D07148D0/CODE/GIT/Office_Codes/Ros2/samdhan_ng_processing/install/chlorophyll_node/share/chlorophyll_node/config/pallete.txt
/media/soumik/18D07164D07148D0/CODE/GIT/Office_Codes/Ros2/samdhan_ng_processing/install/chlorophyll_node/share/chlorophyll_node/config/param_areacutoff.bin
/media/soumik/18D07164D07148D0/CODE/GIT/Office_Codes/Ros2/samdhan_ng_processing/install/chlorophyll_node/share/chlorophyll_node/config/param_areacutoff_tillering.bin
/media/soumik/18D07164D07148D0/CODE/GIT/Office_Codes/Ros2/samdhan_ng_processing/install/chlorophyll_node/share/chlorophyll_node/config/param_thresdist.bin
/media/soumik/18D07164D07148D0/CODE/GIT/Office_Codes/Ros2/samdhan_ng_processing/install/chlorophyll_node/share/chlorophyll_node/config/param_threshold1.bin
/media/soumik/18D07164D07148D0/CODE/GIT/Office_Codes/Ros2/samdhan_ng_processing/install/chlorophyll_node/share/chlorophyll_node/config/param_threshold2.bin
/media/soumik/18D07164D07148D0/CODE/GIT/Office_Codes/Ros2/samdhan_ng_processing/install/chlorophyll_node/share/chlorophyll_node/config/param_tillering.bin
/media/soumik/18D07164D07148D0/CODE/GIT/Office_Codes/Ros2/samdhan_ng_processing/install/chlorophyll_node/lib/python3.10/site-packages/chlorophyll_node-1.0.0-py3.10.egg-info/dependency_links.txt
/media/soumik/18D07164D07148D0/CODE/GIT/Office_Codes/Ros2/samdhan_ng_processing/install/chlorophyll_node/lib/python3.10/site-packages/chlorophyll_node-1.0.0-py3.10.egg-info/entry_points.txt
/media/soumik/18D07164D07148D0/CODE/GIT/Office_Codes/Ros2/samdhan_ng_processing/install/chlorophyll_node/lib/python3.10/site-packages/chlorophyll_node-1.0.0-py3.10.egg-info/PKG-INFO
/media/soumik/18D07164D07148D0/CODE/GIT/Office_Codes/Ros2/samdhan_ng_processing/install/chlorophyll_node/lib/python3.10/site-packages/chlorophyll_node-1.0.0-py3.10.egg-info/requires.txt
/media/soumik/18D07164D07148D0/CODE/GIT/Office_Codes/Ros2/samdhan_ng_processing/install/chlorophyll_node/lib/python3.10/site-packages/chlorophyll_node-1.0.0-py3.10.egg-info/SOURCES.txt
/media/soumik/18D07164D07148D0/CODE/GIT/Office_Codes/Ros2/samdhan_ng_processing/install/chlorophyll_node/lib/python3.10/site-packages/chlorophyll_node-1.0.0-py3.10.egg-info/top_level.txt
/media/soumik/18D07164D07148D0/CODE/GIT/Office_Codes/Ros2/samdhan_ng_processing/install/chlorophyll_node/lib/python3.10/site-packages/chlorophyll_node-1.0.0-py3.10.egg-info/zip-safe
/media/soumik/18D07164D07148D0/CODE/GIT/Office_Codes/Ros2/samdhan_ng_processing/install/chlorophyll_node/lib/chlorophyll_node/chlorophyll_node
