[1.119s] Invoking command in '/media/soumik/18D07164D07148D0/CODE/GIT/Office_Codes/Ros2/samdhan_ng_processing/build/chlorophyll_node': PYTHONPATH=/media/soumik/18D07164D07148D0/CODE/GIT/Office_Codes/Ros2/samdhan_ng_processing/build/chlorophyll_node/prefix_override:/usr/lib/python3/dist-packages/colcon_core/task/python/colcon_distutils_commands:/media/soumik/18D07164D07148D0/CODE/GIT/Office_Codes/Ros2/samdhan_ng_processing/install/chlorophyll_node/lib/python3.10/site-packages:${PYTHONPATH} /usr/bin/python3 -W ignore:setup.py install is deprecated -W ignore:easy_install command is deprecated setup.py develop --editable --build-directory /media/soumik/18D07164D07148D0/CODE/GIT/Office_Codes/Ros2/samdhan_ng_processing/build/chlorophyll_node/build --no-deps symlink_data --force
[1.539s] running develop
[1.821s] running egg_info
[1.842s] writing chlorophyll_node.egg-info/PKG-INFO
[1.844s] writing dependency_links to chlorophyll_node.egg-info/dependency_links.txt
[1.844s] writing entry points to chlorophyll_node.egg-info/entry_points.txt
[1.845s] writing requirements to chlorophyll_node.egg-info/requires.txt
[1.845s] writing top-level names to chlorophyll_node.egg-info/top_level.txt
[1.901s] reading manifest file 'chlorophyll_node.egg-info/SOURCES.txt'
[1.907s] writing manifest file 'chlorophyll_node.egg-info/SOURCES.txt'
[1.980s] running build_ext
[1.980s] Creating /media/soumik/18D07164D07148D0/CODE/GIT/Office_Codes/Ros2/samdhan_ng_processing/install/chlorophyll_node/lib/python3.10/site-packages/chlorophyll-node.egg-link (link to .)
[1.983s] Installing chlorophyll_node script to /media/soumik/18D07164D07148D0/CODE/GIT/Office_Codes/Ros2/samdhan_ng_processing/install/chlorophyll_node/lib/chlorophyll_node
[1.985s] 
[1.985s] Installed /media/soumik/18D07164D07148D0/CODE/GIT/Office_Codes/Ros2/samdhan_ng_processing/build/chlorophyll_node
[1.985s] running symlink_data
[1.986s] symbolically linking /media/soumik/18D07164D07148D0/CODE/GIT/Office_Codes/Ros2/samdhan_ng_processing/build/chlorophyll_node/resource/chlorophyll_node -> /media/soumik/18D07164D07148D0/CODE/GIT/Office_Codes/Ros2/samdhan_ng_processing/install/chlorophyll_node/share/ament_index/resource_index/packages
[1.988s] symbolically linking /media/soumik/18D07164D07148D0/CODE/GIT/Office_Codes/Ros2/samdhan_ng_processing/build/chlorophyll_node/package.xml -> /media/soumik/18D07164D07148D0/CODE/GIT/Office_Codes/Ros2/samdhan_ng_processing/install/chlorophyll_node/share/chlorophyll_node
[1.989s] symbolically linking /media/soumik/18D07164D07148D0/CODE/GIT/Office_Codes/Ros2/samdhan_ng_processing/build/chlorophyll_node/launch/chlorophyll_node.launch.py -> /media/soumik/18D07164D07148D0/CODE/GIT/Office_Codes/Ros2/samdhan_ng_processing/install/chlorophyll_node/share/chlorophyll_node/launch
[1.991s] symbolically linking /media/soumik/18D07164D07148D0/CODE/GIT/Office_Codes/Ros2/samdhan_ng_processing/build/chlorophyll_node/config/pallete.txt -> /media/soumik/18D07164D07148D0/CODE/GIT/Office_Codes/Ros2/samdhan_ng_processing/install/chlorophyll_node/share/chlorophyll_node/config
[1.992s] symbolically linking /media/soumik/18D07164D07148D0/CODE/GIT/Office_Codes/Ros2/samdhan_ng_processing/build/chlorophyll_node/config/param_areacutoff.bin -> /media/soumik/18D07164D07148D0/CODE/GIT/Office_Codes/Ros2/samdhan_ng_processing/install/chlorophyll_node/share/chlorophyll_node/config
[1.993s] symbolically linking /media/soumik/18D07164D07148D0/CODE/GIT/Office_Codes/Ros2/samdhan_ng_processing/build/chlorophyll_node/config/param_areacutoff_tillering.bin -> /media/soumik/18D07164D07148D0/CODE/GIT/Office_Codes/Ros2/samdhan_ng_processing/install/chlorophyll_node/share/chlorophyll_node/config
[1.995s] symbolically linking /media/soumik/18D07164D07148D0/CODE/GIT/Office_Codes/Ros2/samdhan_ng_processing/build/chlorophyll_node/config/param_thresdist.bin -> /media/soumik/18D07164D07148D0/CODE/GIT/Office_Codes/Ros2/samdhan_ng_processing/install/chlorophyll_node/share/chlorophyll_node/config
[1.996s] symbolically linking /media/soumik/18D07164D07148D0/CODE/GIT/Office_Codes/Ros2/samdhan_ng_processing/build/chlorophyll_node/config/param_threshold1.bin -> /media/soumik/18D07164D07148D0/CODE/GIT/Office_Codes/Ros2/samdhan_ng_processing/install/chlorophyll_node/share/chlorophyll_node/config
[1.998s] symbolically linking /media/soumik/18D07164D07148D0/CODE/GIT/Office_Codes/Ros2/samdhan_ng_processing/build/chlorophyll_node/config/param_threshold2.bin -> /media/soumik/18D07164D07148D0/CODE/GIT/Office_Codes/Ros2/samdhan_ng_processing/install/chlorophyll_node/share/chlorophyll_node/config
[1.999s] symbolically linking /media/soumik/18D07164D07148D0/CODE/GIT/Office_Codes/Ros2/samdhan_ng_processing/build/chlorophyll_node/config/param_tillering.bin -> /media/soumik/18D07164D07148D0/CODE/GIT/Office_Codes/Ros2/samdhan_ng_processing/install/chlorophyll_node/share/chlorophyll_node/config
[2.056s] Invoked command in '/media/soumik/18D07164D07148D0/CODE/GIT/Office_Codes/Ros2/samdhan_ng_processing/build/chlorophyll_node' returned '0': PYTHONPATH=/media/soumik/18D07164D07148D0/CODE/GIT/Office_Codes/Ros2/samdhan_ng_processing/build/chlorophyll_node/prefix_override:/usr/lib/python3/dist-packages/colcon_core/task/python/colcon_distutils_commands:/media/soumik/18D07164D07148D0/CODE/GIT/Office_Codes/Ros2/samdhan_ng_processing/install/chlorophyll_node/lib/python3.10/site-packages:${PYTHONPATH} /usr/bin/python3 -W ignore:setup.py install is deprecated -W ignore:easy_install command is deprecated setup.py develop --editable --build-directory /media/soumik/18D07164D07148D0/CODE/GIT/Office_Codes/Ros2/samdhan_ng_processing/build/chlorophyll_node/build --no-deps symlink_data --force
