[0.114s] colcon DEBUG Command line arguments: ['/usr/bin/colcon', 'build', '--packages-select', 'chlorophyll_node', '--symlink-install']
[0.114s] colcon DEBUG Parsed command line arguments: Namespace(log_base=None, log_level=None, verb_name='build', build_base='build', install_base='install', merge_install=False, symlink_install=True, test_result_base=None, continue_on_error=False, executor='parallel', parallel_workers=8, event_handlers=None, ignore_user_meta=False, metas=['./colcon.meta'], base_paths=['.'], packages_ignore=None, packages_ignore_regex=None, paths=None, packages_up_to=None, packages_up_to_regex=None, packages_above=None, packages_above_and_dependencies=None, packages_above_depth=None, packages_select_by_dep=None, packages_skip_by_dep=None, packages_skip_up_to=None, packages_select_build_failed=False, packages_skip_build_finished=False, packages_select_test_failures=False, packages_skip_test_passed=False, packages_select=['chlorophyll_node'], packages_skip=None, packages_select_regex=None, packages_skip_regex=None, packages_start=None, packages_end=None, allow_overriding=[], cmake_args=None, cmake_target=None, cmake_target_skip_unavailable=False, cmake_clean_cache=False, cmake_clean_first=False, cmake_force_configure=False, ament_cmake_args=None, catkin_cmake_args=None, catkin_skip_building_tests=False, mixin_files=None, mixin=None, verb_parser=<colcon_mixin.mixin.mixin_argument.MixinArgumentDecorator object at 0x7b2d3591ff10>, verb_extension=<colcon_core.verb.build.BuildVerb object at 0x7b2d3591f940>, main=<bound method BuildVerb.main of <colcon_core.verb.build.BuildVerb object at 0x7b2d3591f940>>, mixin_verb=('build',))
[0.149s] colcon.colcon_core.package_discovery Level 1 discover_packages(colcon_meta) check parameters
[0.149s] colcon.colcon_core.package_discovery Level 1 discover_packages(recursive) check parameters
[0.150s] colcon.colcon_core.package_discovery Level 1 discover_packages(ignore) check parameters
[0.150s] colcon.colcon_core.package_discovery Level 1 discover_packages(path) check parameters
[0.150s] colcon.colcon_core.package_discovery Level 1 discover_packages(colcon_meta) discover
[0.150s] colcon.colcon_core.package_discovery Level 1 discover_packages(recursive) discover
[0.150s] colcon.colcon_core.package_discovery INFO Crawling recursively for packages in '/media/soumik/18D07164D07148D0/CODE/GIT/Office_Codes/Ros2/samdhan_ng_processing'
[0.150s] colcon.colcon_core.package_identification Level 1 _identify(.) by extensions ['ignore', 'ignore_ament_install']
[0.150s] colcon.colcon_core.package_identification Level 1 _identify(.) by extension 'ignore'
[0.150s] colcon.colcon_core.package_identification Level 1 _identify(.) by extension 'ignore_ament_install'
[0.150s] colcon.colcon_core.package_identification Level 1 _identify(.) by extensions ['colcon_pkg']
[0.150s] colcon.colcon_core.package_identification Level 1 _identify(.) by extension 'colcon_pkg'
[0.151s] colcon.colcon_core.package_identification Level 1 _identify(.) by extensions ['colcon_meta']
[0.151s] colcon.colcon_core.package_identification Level 1 _identify(.) by extension 'colcon_meta'
[0.151s] colcon.colcon_core.package_identification Level 1 _identify(.) by extensions ['ros']
[0.151s] colcon.colcon_core.package_identification Level 1 _identify(.) by extension 'ros'
[0.164s] colcon.colcon_core.package_identification Level 1 _identify(.) by extensions ['cmake', 'python']
[0.164s] colcon.colcon_core.package_identification Level 1 _identify(.) by extension 'cmake'
[0.164s] colcon.colcon_core.package_identification Level 1 _identify(.) by extension 'python'
[0.164s] colcon.colcon_core.package_identification Level 1 _identify(.) by extensions ['python_setup_py']
[0.165s] colcon.colcon_core.package_identification Level 1 _identify(.) by extension 'python_setup_py'
[0.165s] colcon.colcon_core.package_identification Level 1 _identify(build) by extensions ['ignore', 'ignore_ament_install']
[0.165s] colcon.colcon_core.package_identification Level 1 _identify(build) by extension 'ignore'
[0.165s] colcon.colcon_core.package_identification Level 1 _identify(build) ignored
[0.165s] colcon.colcon_core.package_identification Level 1 _identify(install) by extensions ['ignore', 'ignore_ament_install']
[0.165s] colcon.colcon_core.package_identification Level 1 _identify(install) by extension 'ignore'
[0.165s] colcon.colcon_core.package_identification Level 1 _identify(install) ignored
[0.166s] colcon.colcon_core.package_identification Level 1 _identify(log) by extensions ['ignore', 'ignore_ament_install']
[0.166s] colcon.colcon_core.package_identification Level 1 _identify(log) by extension 'ignore'
[0.166s] colcon.colcon_core.package_identification Level 1 _identify(log) ignored
[0.166s] colcon.colcon_core.package_identification Level 1 _identify(src) by extensions ['ignore', 'ignore_ament_install']
[0.166s] colcon.colcon_core.package_identification Level 1 _identify(src) by extension 'ignore'
[0.166s] colcon.colcon_core.package_identification Level 1 _identify(src) by extension 'ignore_ament_install'
[0.166s] colcon.colcon_core.package_identification Level 1 _identify(src) by extensions ['colcon_pkg']
[0.166s] colcon.colcon_core.package_identification Level 1 _identify(src) by extension 'colcon_pkg'
[0.166s] colcon.colcon_core.package_identification Level 1 _identify(src) by extensions ['colcon_meta']
[0.166s] colcon.colcon_core.package_identification Level 1 _identify(src) by extension 'colcon_meta'
[0.167s] colcon.colcon_core.package_identification Level 1 _identify(src) by extensions ['ros']
[0.167s] colcon.colcon_core.package_identification Level 1 _identify(src) by extension 'ros'
[0.167s] colcon.colcon_core.package_identification Level 1 _identify(src) by extensions ['cmake', 'python']
[0.167s] colcon.colcon_core.package_identification Level 1 _identify(src) by extension 'cmake'
[0.167s] colcon.colcon_core.package_identification Level 1 _identify(src) by extension 'python'
[0.167s] colcon.colcon_core.package_identification Level 1 _identify(src) by extensions ['python_setup_py']
[0.167s] colcon.colcon_core.package_identification Level 1 _identify(src) by extension 'python_setup_py'
[0.167s] colcon.colcon_core.package_identification Level 1 _identify(src/__pycache__) by extensions ['ignore', 'ignore_ament_install']
[0.167s] colcon.colcon_core.package_identification Level 1 _identify(src/__pycache__) by extension 'ignore'
[0.168s] colcon.colcon_core.package_identification Level 1 _identify(src/__pycache__) by extension 'ignore_ament_install'
[0.168s] colcon.colcon_core.package_identification Level 1 _identify(src/__pycache__) by extensions ['colcon_pkg']
[0.168s] colcon.colcon_core.package_identification Level 1 _identify(src/__pycache__) by extension 'colcon_pkg'
[0.168s] colcon.colcon_core.package_identification Level 1 _identify(src/__pycache__) by extensions ['colcon_meta']
[0.168s] colcon.colcon_core.package_identification Level 1 _identify(src/__pycache__) by extension 'colcon_meta'
[0.168s] colcon.colcon_core.package_identification Level 1 _identify(src/__pycache__) by extensions ['ros']
[0.168s] colcon.colcon_core.package_identification Level 1 _identify(src/__pycache__) by extension 'ros'
[0.168s] colcon.colcon_core.package_identification Level 1 _identify(src/__pycache__) by extensions ['cmake', 'python']
[0.168s] colcon.colcon_core.package_identification Level 1 _identify(src/__pycache__) by extension 'cmake'
[0.168s] colcon.colcon_core.package_identification Level 1 _identify(src/__pycache__) by extension 'python'
[0.168s] colcon.colcon_core.package_identification Level 1 _identify(src/__pycache__) by extensions ['python_setup_py']
[0.169s] colcon.colcon_core.package_identification Level 1 _identify(src/__pycache__) by extension 'python_setup_py'
[0.169s] colcon.colcon_core.package_identification Level 1 _identify(src/chlorophyll_node) by extensions ['ignore', 'ignore_ament_install']
[0.169s] colcon.colcon_core.package_identification Level 1 _identify(src/chlorophyll_node) by extension 'ignore'
[0.169s] colcon.colcon_core.package_identification Level 1 _identify(src/chlorophyll_node) by extension 'ignore_ament_install'
[0.169s] colcon.colcon_core.package_identification Level 1 _identify(src/chlorophyll_node) by extensions ['colcon_pkg']
[0.169s] colcon.colcon_core.package_identification Level 1 _identify(src/chlorophyll_node) by extension 'colcon_pkg'
[0.169s] colcon.colcon_core.package_identification Level 1 _identify(src/chlorophyll_node) by extensions ['colcon_meta']
[0.169s] colcon.colcon_core.package_identification Level 1 _identify(src/chlorophyll_node) by extension 'colcon_meta'
[0.169s] colcon.colcon_core.package_identification Level 1 _identify(src/chlorophyll_node) by extensions ['ros']
[0.169s] colcon.colcon_core.package_identification Level 1 _identify(src/chlorophyll_node) by extension 'ros'
[0.172s] colcon.colcon_core.package_identification DEBUG Package 'src/chlorophyll_node' with type 'ros.ament_python' and name 'chlorophyll_node'
[0.172s] colcon.colcon_core.package_discovery Level 1 discover_packages(recursive) using defaults
[0.172s] colcon.colcon_core.package_discovery Level 1 discover_packages(ignore) discover
[0.172s] colcon.colcon_core.package_discovery Level 1 discover_packages(ignore) using defaults
[0.172s] colcon.colcon_core.package_discovery Level 1 discover_packages(path) discover
[0.172s] colcon.colcon_core.package_discovery Level 1 discover_packages(path) using defaults
[0.187s] colcon.colcon_core.package_discovery Level 1 discover_packages(prefix_path) check parameters
[0.187s] colcon.colcon_core.package_discovery Level 1 discover_packages(prefix_path) discover
[0.189s] colcon.colcon_installed_package_information.package_discovery DEBUG Found 273 installed packages in /opt/ros/humble
[0.190s] colcon.colcon_core.package_discovery Level 1 discover_packages(prefix_path) using defaults
[0.224s] colcon.colcon_core.verb Level 5 set package 'chlorophyll_node' build argument 'cmake_args' from command line to 'None'
[0.224s] colcon.colcon_core.verb Level 5 set package 'chlorophyll_node' build argument 'cmake_target' from command line to 'None'
[0.224s] colcon.colcon_core.verb Level 5 set package 'chlorophyll_node' build argument 'cmake_target_skip_unavailable' from command line to 'False'
[0.224s] colcon.colcon_core.verb Level 5 set package 'chlorophyll_node' build argument 'cmake_clean_cache' from command line to 'False'
[0.224s] colcon.colcon_core.verb Level 5 set package 'chlorophyll_node' build argument 'cmake_clean_first' from command line to 'False'
[0.224s] colcon.colcon_core.verb Level 5 set package 'chlorophyll_node' build argument 'cmake_force_configure' from command line to 'False'
[0.224s] colcon.colcon_core.verb Level 5 set package 'chlorophyll_node' build argument 'ament_cmake_args' from command line to 'None'
[0.224s] colcon.colcon_core.verb Level 5 set package 'chlorophyll_node' build argument 'catkin_cmake_args' from command line to 'None'
[0.224s] colcon.colcon_core.verb Level 5 set package 'chlorophyll_node' build argument 'catkin_skip_building_tests' from command line to 'False'
[0.224s] colcon.colcon_core.verb DEBUG Building package 'chlorophyll_node' with the following arguments: {'ament_cmake_args': None, 'build_base': '/media/soumik/18D07164D07148D0/CODE/GIT/Office_Codes/Ros2/samdhan_ng_processing/build/chlorophyll_node', 'catkin_cmake_args': None, 'catkin_skip_building_tests': False, 'cmake_args': None, 'cmake_clean_cache': False, 'cmake_clean_first': False, 'cmake_force_configure': False, 'cmake_target': None, 'cmake_target_skip_unavailable': False, 'install_base': '/media/soumik/18D07164D07148D0/CODE/GIT/Office_Codes/Ros2/samdhan_ng_processing/install/chlorophyll_node', 'merge_install': False, 'path': '/media/soumik/18D07164D07148D0/CODE/GIT/Office_Codes/Ros2/samdhan_ng_processing/src/chlorophyll_node', 'symlink_install': True, 'test_result_base': None}
[0.224s] colcon.colcon_core.executor INFO Executing jobs using 'parallel' executor
[0.225s] colcon.colcon_parallel_executor.executor.parallel DEBUG run_until_complete
[0.225s] colcon.colcon_ros.task.ament_python.build INFO Building ROS package in '/media/soumik/18D07164D07148D0/CODE/GIT/Office_Codes/Ros2/samdhan_ng_processing/src/chlorophyll_node' with build type 'ament_python'
[0.226s] colcon.colcon_core.shell Level 1 create_environment_hook('chlorophyll_node', 'ament_prefix_path')
[0.227s] colcon.colcon_core.plugin_system INFO Skipping extension 'colcon_core.shell.bat': Not used on non-Windows systems
[0.227s] colcon.colcon_core.shell INFO Creating environment hook '/media/soumik/18D07164D07148D0/CODE/GIT/Office_Codes/Ros2/samdhan_ng_processing/install/chlorophyll_node/share/chlorophyll_node/hook/ament_prefix_path.ps1'
[0.229s] colcon.colcon_core.shell INFO Creating environment descriptor '/media/soumik/18D07164D07148D0/CODE/GIT/Office_Codes/Ros2/samdhan_ng_processing/install/chlorophyll_node/share/chlorophyll_node/hook/ament_prefix_path.dsv'
[0.230s] colcon.colcon_core.shell INFO Creating environment hook '/media/soumik/18D07164D07148D0/CODE/GIT/Office_Codes/Ros2/samdhan_ng_processing/install/chlorophyll_node/share/chlorophyll_node/hook/ament_prefix_path.sh'
[0.231s] colcon.colcon_core.shell INFO Skip shell extension 'powershell' for command environment: Not usable outside of PowerShell
[0.231s] colcon.colcon_core.shell DEBUG Skip shell extension 'dsv' for command environment
[0.458s] colcon.colcon_core.task.python.build INFO Building Python package in '/media/soumik/18D07164D07148D0/CODE/GIT/Office_Codes/Ros2/samdhan_ng_processing/src/chlorophyll_node'
[0.458s] colcon.colcon_core.shell INFO Skip shell extension 'powershell' for command environment: Not usable outside of PowerShell
[0.458s] colcon.colcon_core.shell DEBUG Skip shell extension 'dsv' for command environment
[1.183s] colcon.colcon_core.event_handler.log_command DEBUG Invoking command in '/media/soumik/18D07164D07148D0/CODE/GIT/Office_Codes/Ros2/samdhan_ng_processing/build/chlorophyll_node': PYTHONPATH=/media/soumik/18D07164D07148D0/CODE/GIT/Office_Codes/Ros2/samdhan_ng_processing/build/chlorophyll_node/prefix_override:/usr/lib/python3/dist-packages/colcon_core/task/python/colcon_distutils_commands:/media/soumik/18D07164D07148D0/CODE/GIT/Office_Codes/Ros2/samdhan_ng_processing/install/chlorophyll_node/lib/python3.10/site-packages:${PYTHONPATH} /usr/bin/python3 -W ignore:setup.py install is deprecated -W ignore:easy_install command is deprecated setup.py develop --editable --build-directory /media/soumik/18D07164D07148D0/CODE/GIT/Office_Codes/Ros2/samdhan_ng_processing/build/chlorophyll_node/build --no-deps symlink_data
[2.020s] colcon.colcon_core.shell Level 1 create_environment_hook('chlorophyll_node', 'pythonpath_develop')
[2.021s] colcon.colcon_core.shell INFO Creating environment hook '/media/soumik/18D07164D07148D0/CODE/GIT/Office_Codes/Ros2/samdhan_ng_processing/build/chlorophyll_node/share/chlorophyll_node/hook/pythonpath_develop.ps1'
[2.021s] colcon.colcon_core.event_handler.log_command DEBUG Invoked command in '/media/soumik/18D07164D07148D0/CODE/GIT/Office_Codes/Ros2/samdhan_ng_processing/build/chlorophyll_node' returned '0': PYTHONPATH=/media/soumik/18D07164D07148D0/CODE/GIT/Office_Codes/Ros2/samdhan_ng_processing/build/chlorophyll_node/prefix_override:/usr/lib/python3/dist-packages/colcon_core/task/python/colcon_distutils_commands:/media/soumik/18D07164D07148D0/CODE/GIT/Office_Codes/Ros2/samdhan_ng_processing/install/chlorophyll_node/lib/python3.10/site-packages:${PYTHONPATH} /usr/bin/python3 -W ignore:setup.py install is deprecated -W ignore:easy_install command is deprecated setup.py develop --editable --build-directory /media/soumik/18D07164D07148D0/CODE/GIT/Office_Codes/Ros2/samdhan_ng_processing/build/chlorophyll_node/build --no-deps symlink_data
[2.022s] colcon.colcon_core.shell INFO Creating environment descriptor '/media/soumik/18D07164D07148D0/CODE/GIT/Office_Codes/Ros2/samdhan_ng_processing/build/chlorophyll_node/share/chlorophyll_node/hook/pythonpath_develop.dsv'
[2.023s] colcon.colcon_core.shell INFO Creating environment hook '/media/soumik/18D07164D07148D0/CODE/GIT/Office_Codes/Ros2/samdhan_ng_processing/build/chlorophyll_node/share/chlorophyll_node/hook/pythonpath_develop.sh'
[2.027s] colcon.colcon_core.environment Level 1 checking '/media/soumik/18D07164D07148D0/CODE/GIT/Office_Codes/Ros2/samdhan_ng_processing/install/chlorophyll_node' for CMake module files
[2.032s] colcon.colcon_core.environment Level 1 checking '/media/soumik/18D07164D07148D0/CODE/GIT/Office_Codes/Ros2/samdhan_ng_processing/install/chlorophyll_node' for CMake config files
[2.040s] colcon.colcon_core.environment Level 1 checking '/media/soumik/18D07164D07148D0/CODE/GIT/Office_Codes/Ros2/samdhan_ng_processing/install/chlorophyll_node/lib'
[2.040s] colcon.colcon_core.environment Level 1 checking '/media/soumik/18D07164D07148D0/CODE/GIT/Office_Codes/Ros2/samdhan_ng_processing/install/chlorophyll_node/bin'
[2.040s] colcon.colcon_core.environment Level 1 checking '/media/soumik/18D07164D07148D0/CODE/GIT/Office_Codes/Ros2/samdhan_ng_processing/install/chlorophyll_node/lib/pkgconfig/chlorophyll_node.pc'
[2.041s] colcon.colcon_core.environment Level 1 checking '/media/soumik/18D07164D07148D0/CODE/GIT/Office_Codes/Ros2/samdhan_ng_processing/install/chlorophyll_node/lib/python3.10/site-packages'
[2.041s] colcon.colcon_core.shell Level 1 create_environment_hook('chlorophyll_node', 'pythonpath')
[2.042s] colcon.colcon_core.shell INFO Creating environment hook '/media/soumik/18D07164D07148D0/CODE/GIT/Office_Codes/Ros2/samdhan_ng_processing/install/chlorophyll_node/share/chlorophyll_node/hook/pythonpath.ps1'
[2.043s] colcon.colcon_core.shell INFO Creating environment descriptor '/media/soumik/18D07164D07148D0/CODE/GIT/Office_Codes/Ros2/samdhan_ng_processing/install/chlorophyll_node/share/chlorophyll_node/hook/pythonpath.dsv'
[2.044s] colcon.colcon_core.shell INFO Creating environment hook '/media/soumik/18D07164D07148D0/CODE/GIT/Office_Codes/Ros2/samdhan_ng_processing/install/chlorophyll_node/share/chlorophyll_node/hook/pythonpath.sh'
[2.046s] colcon.colcon_core.environment Level 1 checking '/media/soumik/18D07164D07148D0/CODE/GIT/Office_Codes/Ros2/samdhan_ng_processing/install/chlorophyll_node/bin'
[2.046s] colcon.colcon_core.environment Level 1 create_environment_scripts_only(chlorophyll_node)
[2.047s] colcon.colcon_core.shell INFO Creating package script '/media/soumik/18D07164D07148D0/CODE/GIT/Office_Codes/Ros2/samdhan_ng_processing/install/chlorophyll_node/share/chlorophyll_node/package.ps1'
[2.048s] colcon.colcon_core.shell INFO Creating package descriptor '/media/soumik/18D07164D07148D0/CODE/GIT/Office_Codes/Ros2/samdhan_ng_processing/install/chlorophyll_node/share/chlorophyll_node/package.dsv'
[2.049s] colcon.colcon_core.shell INFO Creating package script '/media/soumik/18D07164D07148D0/CODE/GIT/Office_Codes/Ros2/samdhan_ng_processing/install/chlorophyll_node/share/chlorophyll_node/package.sh'
[2.051s] colcon.colcon_core.shell INFO Creating package script '/media/soumik/18D07164D07148D0/CODE/GIT/Office_Codes/Ros2/samdhan_ng_processing/install/chlorophyll_node/share/chlorophyll_node/package.bash'
[2.052s] colcon.colcon_core.shell INFO Creating package script '/media/soumik/18D07164D07148D0/CODE/GIT/Office_Codes/Ros2/samdhan_ng_processing/install/chlorophyll_node/share/chlorophyll_node/package.zsh'
[2.053s] colcon.colcon_core.environment Level 1 create_file_with_runtime_dependencies(/media/soumik/18D07164D07148D0/CODE/GIT/Office_Codes/Ros2/samdhan_ng_processing/install/chlorophyll_node/share/colcon-core/packages/chlorophyll_node)
[2.054s] colcon.colcon_parallel_executor.executor.parallel DEBUG closing loop
[2.054s] colcon.colcon_parallel_executor.executor.parallel DEBUG loop closed
[2.054s] colcon.colcon_parallel_executor.executor.parallel DEBUG run_until_complete finished with '0'
[2.054s] colcon.colcon_core.event_reactor DEBUG joining thread
[2.062s] colcon.colcon_core.plugin_system INFO Skipping extension 'colcon_notification.desktop_notification.terminal_notifier': Not used on non-Darwin systems
[2.063s] colcon.colcon_core.plugin_system INFO Skipping extension 'colcon_notification.desktop_notification.win32': Not used on non-Windows systems
[2.063s] colcon.colcon_notification.desktop_notification INFO Sending desktop notification using 'notify2'
[2.073s] colcon.colcon_core.event_reactor DEBUG joined thread
[2.074s] colcon.colcon_core.shell INFO Creating prefix script '/media/soumik/18D07164D07148D0/CODE/GIT/Office_Codes/Ros2/samdhan_ng_processing/install/local_setup.ps1'
[2.076s] colcon.colcon_core.shell INFO Creating prefix util module '/media/soumik/18D07164D07148D0/CODE/GIT/Office_Codes/Ros2/samdhan_ng_processing/install/_local_setup_util_ps1.py'
[2.079s] colcon.colcon_core.shell INFO Creating prefix chain script '/media/soumik/18D07164D07148D0/CODE/GIT/Office_Codes/Ros2/samdhan_ng_processing/install/setup.ps1'
[2.081s] colcon.colcon_core.shell INFO Creating prefix script '/media/soumik/18D07164D07148D0/CODE/GIT/Office_Codes/Ros2/samdhan_ng_processing/install/local_setup.sh'
[2.082s] colcon.colcon_core.shell INFO Creating prefix util module '/media/soumik/18D07164D07148D0/CODE/GIT/Office_Codes/Ros2/samdhan_ng_processing/install/_local_setup_util_sh.py'
[2.083s] colcon.colcon_core.shell INFO Creating prefix chain script '/media/soumik/18D07164D07148D0/CODE/GIT/Office_Codes/Ros2/samdhan_ng_processing/install/setup.sh'
[2.085s] colcon.colcon_core.shell INFO Creating prefix script '/media/soumik/18D07164D07148D0/CODE/GIT/Office_Codes/Ros2/samdhan_ng_processing/install/local_setup.bash'
[2.086s] colcon.colcon_core.shell INFO Creating prefix chain script '/media/soumik/18D07164D07148D0/CODE/GIT/Office_Codes/Ros2/samdhan_ng_processing/install/setup.bash'
[2.088s] colcon.colcon_core.shell INFO Creating prefix script '/media/soumik/18D07164D07148D0/CODE/GIT/Office_Codes/Ros2/samdhan_ng_processing/install/local_setup.zsh'
[2.089s] colcon.colcon_core.shell INFO Creating prefix chain script '/media/soumik/18D07164D07148D0/CODE/GIT/Office_Codes/Ros2/samdhan_ng_processing/install/setup.zsh'
