[0.126s] colcon DEBUG Command line arguments: ['/usr/bin/colcon', 'build', '--packages-select', 'chlorophyll_node', '--symlink-install']
[0.126s] colcon DEBUG Parsed command line arguments: Namespace(log_base=None, log_level=None, verb_name='build', build_base='build', install_base='install', merge_install=False, symlink_install=True, test_result_base=None, continue_on_error=False, executor='parallel', parallel_workers=8, event_handlers=None, ignore_user_meta=False, metas=['./colcon.meta'], base_paths=['.'], packages_ignore=None, packages_ignore_regex=None, paths=None, packages_up_to=None, packages_up_to_regex=None, packages_above=None, packages_above_and_dependencies=None, packages_above_depth=None, packages_select_by_dep=None, packages_skip_by_dep=None, packages_skip_up_to=None, packages_select_build_failed=False, packages_skip_build_finished=False, packages_select_test_failures=False, packages_skip_test_passed=False, packages_select=['chlorophyll_node'], packages_skip=None, packages_select_regex=None, packages_skip_regex=None, packages_start=None, packages_end=None, allow_overriding=[], cmake_args=None, cmake_target=None, cmake_target_skip_unavailable=False, cmake_clean_cache=False, cmake_clean_first=False, cmake_force_configure=False, ament_cmake_args=None, catkin_cmake_args=None, catkin_skip_building_tests=False, mixin_files=None, mixin=None, verb_parser=<colcon_mixin.mixin.mixin_argument.MixinArgumentDecorator object at 0x7a9590a2fee0>, verb_extension=<colcon_core.verb.build.BuildVerb object at 0x7a9590a2f910>, main=<bound method BuildVerb.main of <colcon_core.verb.build.BuildVerb object at 0x7a9590a2f910>>, mixin_verb=('build',))
[0.165s] colcon.colcon_core.package_discovery Level 1 discover_packages(colcon_meta) check parameters
[0.166s] colcon.colcon_core.package_discovery Level 1 discover_packages(recursive) check parameters
[0.166s] colcon.colcon_core.package_discovery Level 1 discover_packages(ignore) check parameters
[0.166s] colcon.colcon_core.package_discovery Level 1 discover_packages(path) check parameters
[0.166s] colcon.colcon_core.package_discovery Level 1 discover_packages(colcon_meta) discover
[0.166s] colcon.colcon_core.package_discovery Level 1 discover_packages(recursive) discover
[0.166s] colcon.colcon_core.package_discovery INFO Crawling recursively for packages in '/media/soumik/18D07164D07148D0/CODE/GIT/Office_Codes/Ros2/samdhan_ng_processing'
[0.166s] colcon.colcon_core.package_identification Level 1 _identify(.) by extensions ['ignore', 'ignore_ament_install']
[0.166s] colcon.colcon_core.package_identification Level 1 _identify(.) by extension 'ignore'
[0.167s] colcon.colcon_core.package_identification Level 1 _identify(.) by extension 'ignore_ament_install'
[0.167s] colcon.colcon_core.package_identification Level 1 _identify(.) by extensions ['colcon_pkg']
[0.167s] colcon.colcon_core.package_identification Level 1 _identify(.) by extension 'colcon_pkg'
[0.167s] colcon.colcon_core.package_identification Level 1 _identify(.) by extensions ['colcon_meta']
[0.167s] colcon.colcon_core.package_identification Level 1 _identify(.) by extension 'colcon_meta'
[0.167s] colcon.colcon_core.package_identification Level 1 _identify(.) by extensions ['ros']
[0.167s] colcon.colcon_core.package_identification Level 1 _identify(.) by extension 'ros'
[0.181s] colcon.colcon_core.package_identification Level 1 _identify(.) by extensions ['cmake', 'python']
[0.182s] colcon.colcon_core.package_identification Level 1 _identify(.) by extension 'cmake'
[0.182s] colcon.colcon_core.package_identification Level 1 _identify(.) by extension 'python'
[0.182s] colcon.colcon_core.package_identification Level 1 _identify(.) by extensions ['python_setup_py']
[0.182s] colcon.colcon_core.package_identification Level 1 _identify(.) by extension 'python_setup_py'
[0.182s] colcon.colcon_core.package_identification Level 1 _identify(build) by extensions ['ignore', 'ignore_ament_install']
[0.182s] colcon.colcon_core.package_identification Level 1 _identify(build) by extension 'ignore'
[0.182s] colcon.colcon_core.package_identification Level 1 _identify(build) ignored
[0.183s] colcon.colcon_core.package_identification Level 1 _identify(docker) by extensions ['ignore', 'ignore_ament_install']
[0.183s] colcon.colcon_core.package_identification Level 1 _identify(docker) by extension 'ignore'
[0.183s] colcon.colcon_core.package_identification Level 1 _identify(docker) by extension 'ignore_ament_install'
[0.183s] colcon.colcon_core.package_identification Level 1 _identify(docker) by extensions ['colcon_pkg']
[0.183s] colcon.colcon_core.package_identification Level 1 _identify(docker) by extension 'colcon_pkg'
[0.183s] colcon.colcon_core.package_identification Level 1 _identify(docker) by extensions ['colcon_meta']
[0.183s] colcon.colcon_core.package_identification Level 1 _identify(docker) by extension 'colcon_meta'
[0.183s] colcon.colcon_core.package_identification Level 1 _identify(docker) by extensions ['ros']
[0.183s] colcon.colcon_core.package_identification Level 1 _identify(docker) by extension 'ros'
[0.184s] colcon.colcon_core.package_identification Level 1 _identify(docker) by extensions ['cmake', 'python']
[0.184s] colcon.colcon_core.package_identification Level 1 _identify(docker) by extension 'cmake'
[0.184s] colcon.colcon_core.package_identification Level 1 _identify(docker) by extension 'python'
[0.184s] colcon.colcon_core.package_identification Level 1 _identify(docker) by extensions ['python_setup_py']
[0.184s] colcon.colcon_core.package_identification Level 1 _identify(docker) by extension 'python_setup_py'
[0.184s] colcon.colcon_core.package_identification Level 1 _identify(docker-data) by extensions ['ignore', 'ignore_ament_install']
[0.185s] colcon.colcon_core.package_identification Level 1 _identify(docker-data) by extension 'ignore'
[0.185s] colcon.colcon_core.package_identification Level 1 _identify(docker-data) by extension 'ignore_ament_install'
[0.185s] colcon.colcon_core.package_identification Level 1 _identify(docker-data) by extensions ['colcon_pkg']
[0.185s] colcon.colcon_core.package_identification Level 1 _identify(docker-data) by extension 'colcon_pkg'
[0.185s] colcon.colcon_core.package_identification Level 1 _identify(docker-data) by extensions ['colcon_meta']
[0.185s] colcon.colcon_core.package_identification Level 1 _identify(docker-data) by extension 'colcon_meta'
[0.185s] colcon.colcon_core.package_identification Level 1 _identify(docker-data) by extensions ['ros']
[0.186s] colcon.colcon_core.package_identification Level 1 _identify(docker-data) by extension 'ros'
[0.186s] colcon.colcon_core.package_identification Level 1 _identify(docker-data) by extensions ['cmake', 'python']
[0.186s] colcon.colcon_core.package_identification Level 1 _identify(docker-data) by extension 'cmake'
[0.186s] colcon.colcon_core.package_identification Level 1 _identify(docker-data) by extension 'python'
[0.186s] colcon.colcon_core.package_identification Level 1 _identify(docker-data) by extensions ['python_setup_py']
[0.186s] colcon.colcon_core.package_identification Level 1 _identify(docker-data) by extension 'python_setup_py'
[0.187s] colcon.colcon_core.package_identification Level 1 _identify(docker-data/input) by extensions ['ignore', 'ignore_ament_install']
[0.187s] colcon.colcon_core.package_identification Level 1 _identify(docker-data/input) by extension 'ignore'
[0.187s] colcon.colcon_core.package_identification Level 1 _identify(docker-data/input) by extension 'ignore_ament_install'
[0.188s] colcon.colcon_core.package_identification Level 1 _identify(docker-data/input) by extensions ['colcon_pkg']
[0.188s] colcon.colcon_core.package_identification Level 1 _identify(docker-data/input) by extension 'colcon_pkg'
[0.188s] colcon.colcon_core.package_identification Level 1 _identify(docker-data/input) by extensions ['colcon_meta']
[0.188s] colcon.colcon_core.package_identification Level 1 _identify(docker-data/input) by extension 'colcon_meta'
[0.188s] colcon.colcon_core.package_identification Level 1 _identify(docker-data/input) by extensions ['ros']
[0.188s] colcon.colcon_core.package_identification Level 1 _identify(docker-data/input) by extension 'ros'
[0.189s] colcon.colcon_core.package_identification Level 1 _identify(docker-data/input) by extensions ['cmake', 'python']
[0.189s] colcon.colcon_core.package_identification Level 1 _identify(docker-data/input) by extension 'cmake'
[0.189s] colcon.colcon_core.package_identification Level 1 _identify(docker-data/input) by extension 'python'
[0.189s] colcon.colcon_core.package_identification Level 1 _identify(docker-data/input) by extensions ['python_setup_py']
[0.189s] colcon.colcon_core.package_identification Level 1 _identify(docker-data/input) by extension 'python_setup_py'
[0.190s] colcon.colcon_core.package_identification Level 1 _identify(docker-data/output) by extensions ['ignore', 'ignore_ament_install']
[0.190s] colcon.colcon_core.package_identification Level 1 _identify(docker-data/output) by extension 'ignore'
[0.190s] colcon.colcon_core.package_identification Level 1 _identify(docker-data/output) by extension 'ignore_ament_install'
[0.190s] colcon.colcon_core.package_identification Level 1 _identify(docker-data/output) by extensions ['colcon_pkg']
[0.190s] colcon.colcon_core.package_identification Level 1 _identify(docker-data/output) by extension 'colcon_pkg'
[0.191s] colcon.colcon_core.package_identification Level 1 _identify(docker-data/output) by extensions ['colcon_meta']
[0.191s] colcon.colcon_core.package_identification Level 1 _identify(docker-data/output) by extension 'colcon_meta'
[0.191s] colcon.colcon_core.package_identification Level 1 _identify(docker-data/output) by extensions ['ros']
[0.191s] colcon.colcon_core.package_identification Level 1 _identify(docker-data/output) by extension 'ros'
[0.191s] colcon.colcon_core.package_identification Level 1 _identify(docker-data/output) by extensions ['cmake', 'python']
[0.191s] colcon.colcon_core.package_identification Level 1 _identify(docker-data/output) by extension 'cmake'
[0.192s] colcon.colcon_core.package_identification Level 1 _identify(docker-data/output) by extension 'python'
[0.192s] colcon.colcon_core.package_identification Level 1 _identify(docker-data/output) by extensions ['python_setup_py']
[0.192s] colcon.colcon_core.package_identification Level 1 _identify(docker-data/output) by extension 'python_setup_py'
[0.192s] colcon.colcon_core.package_identification Level 1 _identify(install) by extensions ['ignore', 'ignore_ament_install']
[0.193s] colcon.colcon_core.package_identification Level 1 _identify(install) by extension 'ignore'
[0.193s] colcon.colcon_core.package_identification Level 1 _identify(install) ignored
[0.193s] colcon.colcon_core.package_identification Level 1 _identify(log) by extensions ['ignore', 'ignore_ament_install']
[0.193s] colcon.colcon_core.package_identification Level 1 _identify(log) by extension 'ignore'
[0.194s] colcon.colcon_core.package_identification Level 1 _identify(log) ignored
[0.194s] colcon.colcon_core.package_identification Level 1 _identify(src) by extensions ['ignore', 'ignore_ament_install']
[0.194s] colcon.colcon_core.package_identification Level 1 _identify(src) by extension 'ignore'
[0.194s] colcon.colcon_core.package_identification Level 1 _identify(src) by extension 'ignore_ament_install'
[0.194s] colcon.colcon_core.package_identification Level 1 _identify(src) by extensions ['colcon_pkg']
[0.194s] colcon.colcon_core.package_identification Level 1 _identify(src) by extension 'colcon_pkg'
[0.195s] colcon.colcon_core.package_identification Level 1 _identify(src) by extensions ['colcon_meta']
[0.195s] colcon.colcon_core.package_identification Level 1 _identify(src) by extension 'colcon_meta'
[0.195s] colcon.colcon_core.package_identification Level 1 _identify(src) by extensions ['ros']
[0.195s] colcon.colcon_core.package_identification Level 1 _identify(src) by extension 'ros'
[0.195s] colcon.colcon_core.package_identification Level 1 _identify(src) by extensions ['cmake', 'python']
[0.195s] colcon.colcon_core.package_identification Level 1 _identify(src) by extension 'cmake'
[0.195s] colcon.colcon_core.package_identification Level 1 _identify(src) by extension 'python'
[0.195s] colcon.colcon_core.package_identification Level 1 _identify(src) by extensions ['python_setup_py']
[0.196s] colcon.colcon_core.package_identification Level 1 _identify(src) by extension 'python_setup_py'
[0.196s] colcon.colcon_core.package_identification Level 1 _identify(src/__pycache__) by extensions ['ignore', 'ignore_ament_install']
[0.196s] colcon.colcon_core.package_identification Level 1 _identify(src/__pycache__) by extension 'ignore'
[0.196s] colcon.colcon_core.package_identification Level 1 _identify(src/__pycache__) by extension 'ignore_ament_install'
[0.196s] colcon.colcon_core.package_identification Level 1 _identify(src/__pycache__) by extensions ['colcon_pkg']
[0.196s] colcon.colcon_core.package_identification Level 1 _identify(src/__pycache__) by extension 'colcon_pkg'
[0.196s] colcon.colcon_core.package_identification Level 1 _identify(src/__pycache__) by extensions ['colcon_meta']
[0.196s] colcon.colcon_core.package_identification Level 1 _identify(src/__pycache__) by extension 'colcon_meta'
[0.196s] colcon.colcon_core.package_identification Level 1 _identify(src/__pycache__) by extensions ['ros']
[0.197s] colcon.colcon_core.package_identification Level 1 _identify(src/__pycache__) by extension 'ros'
[0.197s] colcon.colcon_core.package_identification Level 1 _identify(src/__pycache__) by extensions ['cmake', 'python']
[0.197s] colcon.colcon_core.package_identification Level 1 _identify(src/__pycache__) by extension 'cmake'
[0.197s] colcon.colcon_core.package_identification Level 1 _identify(src/__pycache__) by extension 'python'
[0.197s] colcon.colcon_core.package_identification Level 1 _identify(src/__pycache__) by extensions ['python_setup_py']
[0.197s] colcon.colcon_core.package_identification Level 1 _identify(src/__pycache__) by extension 'python_setup_py'
[0.197s] colcon.colcon_core.package_identification Level 1 _identify(src/chlorophyll_node) by extensions ['ignore', 'ignore_ament_install']
[0.198s] colcon.colcon_core.package_identification Level 1 _identify(src/chlorophyll_node) by extension 'ignore'
[0.198s] colcon.colcon_core.package_identification Level 1 _identify(src/chlorophyll_node) by extension 'ignore_ament_install'
[0.198s] colcon.colcon_core.package_identification Level 1 _identify(src/chlorophyll_node) by extensions ['colcon_pkg']
[0.198s] colcon.colcon_core.package_identification Level 1 _identify(src/chlorophyll_node) by extension 'colcon_pkg'
[0.198s] colcon.colcon_core.package_identification Level 1 _identify(src/chlorophyll_node) by extensions ['colcon_meta']
[0.198s] colcon.colcon_core.package_identification Level 1 _identify(src/chlorophyll_node) by extension 'colcon_meta'
[0.198s] colcon.colcon_core.package_identification Level 1 _identify(src/chlorophyll_node) by extensions ['ros']
[0.198s] colcon.colcon_core.package_identification Level 1 _identify(src/chlorophyll_node) by extension 'ros'
[0.202s] colcon.colcon_core.package_identification DEBUG Package 'src/chlorophyll_node' with type 'ros.ament_python' and name 'chlorophyll_node'
[0.202s] colcon.colcon_core.package_discovery Level 1 discover_packages(recursive) using defaults
[0.203s] colcon.colcon_core.package_discovery Level 1 discover_packages(ignore) discover
[0.203s] colcon.colcon_core.package_discovery Level 1 discover_packages(ignore) using defaults
[0.203s] colcon.colcon_core.package_discovery Level 1 discover_packages(path) discover
[0.203s] colcon.colcon_core.package_discovery Level 1 discover_packages(path) using defaults
[0.228s] colcon.colcon_core.package_discovery Level 1 discover_packages(prefix_path) check parameters
[0.229s] colcon.colcon_core.package_discovery Level 1 discover_packages(prefix_path) discover
[0.231s] colcon.colcon_installed_package_information.package_discovery DEBUG Found 273 installed packages in /opt/ros/humble
[0.233s] colcon.colcon_core.package_discovery Level 1 discover_packages(prefix_path) using defaults
[0.270s] colcon.colcon_core.verb Level 5 set package 'chlorophyll_node' build argument 'cmake_args' from command line to 'None'
[0.270s] colcon.colcon_core.verb Level 5 set package 'chlorophyll_node' build argument 'cmake_target' from command line to 'None'
[0.270s] colcon.colcon_core.verb Level 5 set package 'chlorophyll_node' build argument 'cmake_target_skip_unavailable' from command line to 'False'
[0.270s] colcon.colcon_core.verb Level 5 set package 'chlorophyll_node' build argument 'cmake_clean_cache' from command line to 'False'
[0.270s] colcon.colcon_core.verb Level 5 set package 'chlorophyll_node' build argument 'cmake_clean_first' from command line to 'False'
[0.271s] colcon.colcon_core.verb Level 5 set package 'chlorophyll_node' build argument 'cmake_force_configure' from command line to 'False'
[0.271s] colcon.colcon_core.verb Level 5 set package 'chlorophyll_node' build argument 'ament_cmake_args' from command line to 'None'
[0.271s] colcon.colcon_core.verb Level 5 set package 'chlorophyll_node' build argument 'catkin_cmake_args' from command line to 'None'
[0.271s] colcon.colcon_core.verb Level 5 set package 'chlorophyll_node' build argument 'catkin_skip_building_tests' from command line to 'False'
[0.271s] colcon.colcon_core.verb DEBUG Building package 'chlorophyll_node' with the following arguments: {'ament_cmake_args': None, 'build_base': '/media/soumik/18D07164D07148D0/CODE/GIT/Office_Codes/Ros2/samdhan_ng_processing/build/chlorophyll_node', 'catkin_cmake_args': None, 'catkin_skip_building_tests': False, 'cmake_args': None, 'cmake_clean_cache': False, 'cmake_clean_first': False, 'cmake_force_configure': False, 'cmake_target': None, 'cmake_target_skip_unavailable': False, 'install_base': '/media/soumik/18D07164D07148D0/CODE/GIT/Office_Codes/Ros2/samdhan_ng_processing/install/chlorophyll_node', 'merge_install': False, 'path': '/media/soumik/18D07164D07148D0/CODE/GIT/Office_Codes/Ros2/samdhan_ng_processing/src/chlorophyll_node', 'symlink_install': True, 'test_result_base': None}
[0.271s] colcon.colcon_core.executor INFO Executing jobs using 'parallel' executor
[0.273s] colcon.colcon_parallel_executor.executor.parallel DEBUG run_until_complete
[0.273s] colcon.colcon_ros.task.ament_python.build INFO Building ROS package in '/media/soumik/18D07164D07148D0/CODE/GIT/Office_Codes/Ros2/samdhan_ng_processing/src/chlorophyll_node' with build type 'ament_python'
[0.273s] colcon.colcon_core.shell Level 1 create_environment_hook('chlorophyll_node', 'ament_prefix_path')
[0.276s] colcon.colcon_core.plugin_system INFO Skipping extension 'colcon_core.shell.bat': Not used on non-Windows systems
[0.277s] colcon.colcon_core.shell INFO Creating environment hook '/media/soumik/18D07164D07148D0/CODE/GIT/Office_Codes/Ros2/samdhan_ng_processing/install/chlorophyll_node/share/chlorophyll_node/hook/ament_prefix_path.ps1'
[0.279s] colcon.colcon_core.shell INFO Creating environment descriptor '/media/soumik/18D07164D07148D0/CODE/GIT/Office_Codes/Ros2/samdhan_ng_processing/install/chlorophyll_node/share/chlorophyll_node/hook/ament_prefix_path.dsv'
[0.280s] colcon.colcon_core.shell INFO Creating environment hook '/media/soumik/18D07164D07148D0/CODE/GIT/Office_Codes/Ros2/samdhan_ng_processing/install/chlorophyll_node/share/chlorophyll_node/hook/ament_prefix_path.sh'
[0.283s] colcon.colcon_core.shell INFO Skip shell extension 'powershell' for command environment: Not usable outside of PowerShell
[0.283s] colcon.colcon_core.shell DEBUG Skip shell extension 'dsv' for command environment
[0.534s] colcon.colcon_core.task.python.build INFO Building Python package in '/media/soumik/18D07164D07148D0/CODE/GIT/Office_Codes/Ros2/samdhan_ng_processing/src/chlorophyll_node'
[0.535s] colcon.colcon_core.shell INFO Skip shell extension 'powershell' for command environment: Not usable outside of PowerShell
[0.535s] colcon.colcon_core.shell DEBUG Skip shell extension 'dsv' for command environment
[1.370s] colcon.colcon_core.task.python.build DEBUG While undoing a previous installation files outside the Python library path are being ignored: /media/soumik/18D07164D07148D0/CODE/GIT/Office_Codes/Ros2/samdhan_ng_processing/install/chlorophyll_node/share/ament_index/resource_index/packages/chlorophyll_node
[1.370s] colcon.colcon_core.task.python.build DEBUG While undoing a previous installation files outside the Python library path are being ignored: /media/soumik/18D07164D07148D0/CODE/GIT/Office_Codes/Ros2/samdhan_ng_processing/install/chlorophyll_node/share/chlorophyll_node/package.xml
[1.370s] colcon.colcon_core.task.python.build DEBUG While undoing a previous installation files outside the Python library path are being ignored: /media/soumik/18D07164D07148D0/CODE/GIT/Office_Codes/Ros2/samdhan_ng_processing/install/chlorophyll_node/share/chlorophyll_node/launch/chlorophyll_node.launch.py
[1.370s] colcon.colcon_core.task.python.build DEBUG While undoing a previous installation files outside the Python library path are being ignored: /media/soumik/18D07164D07148D0/CODE/GIT/Office_Codes/Ros2/samdhan_ng_processing/install/chlorophyll_node/share/chlorophyll_node/config/pallete.txt
[1.371s] colcon.colcon_core.task.python.build DEBUG While undoing a previous installation files outside the Python library path are being ignored: /media/soumik/18D07164D07148D0/CODE/GIT/Office_Codes/Ros2/samdhan_ng_processing/install/chlorophyll_node/share/chlorophyll_node/config/param_areacutoff.bin
[1.371s] colcon.colcon_core.task.python.build DEBUG While undoing a previous installation files outside the Python library path are being ignored: /media/soumik/18D07164D07148D0/CODE/GIT/Office_Codes/Ros2/samdhan_ng_processing/install/chlorophyll_node/share/chlorophyll_node/config/param_areacutoff_tillering.bin
[1.371s] colcon.colcon_core.task.python.build DEBUG While undoing a previous installation files outside the Python library path are being ignored: /media/soumik/18D07164D07148D0/CODE/GIT/Office_Codes/Ros2/samdhan_ng_processing/install/chlorophyll_node/share/chlorophyll_node/config/param_thresdist.bin
[1.371s] colcon.colcon_core.task.python.build DEBUG While undoing a previous installation files outside the Python library path are being ignored: /media/soumik/18D07164D07148D0/CODE/GIT/Office_Codes/Ros2/samdhan_ng_processing/install/chlorophyll_node/share/chlorophyll_node/config/param_threshold1.bin
[1.371s] colcon.colcon_core.task.python.build DEBUG While undoing a previous installation files outside the Python library path are being ignored: /media/soumik/18D07164D07148D0/CODE/GIT/Office_Codes/Ros2/samdhan_ng_processing/install/chlorophyll_node/share/chlorophyll_node/config/param_threshold2.bin
[1.372s] colcon.colcon_core.task.python.build DEBUG While undoing a previous installation files outside the Python library path are being ignored: /media/soumik/18D07164D07148D0/CODE/GIT/Office_Codes/Ros2/samdhan_ng_processing/install/chlorophyll_node/share/chlorophyll_node/config/param_tillering.bin
[1.375s] colcon.colcon_core.task.python.build DEBUG While undoing a previous installation files outside the Python library path are being ignored: /media/soumik/18D07164D07148D0/CODE/GIT/Office_Codes/Ros2/samdhan_ng_processing/install/chlorophyll_node/lib/chlorophyll_node/chlorophyll_node
[1.393s] colcon.colcon_core.event_handler.log_command DEBUG Invoking command in '/media/soumik/18D07164D07148D0/CODE/GIT/Office_Codes/Ros2/samdhan_ng_processing/build/chlorophyll_node': PYTHONPATH=/media/soumik/18D07164D07148D0/CODE/GIT/Office_Codes/Ros2/samdhan_ng_processing/build/chlorophyll_node/prefix_override:/usr/lib/python3/dist-packages/colcon_core/task/python/colcon_distutils_commands:/media/soumik/18D07164D07148D0/CODE/GIT/Office_Codes/Ros2/samdhan_ng_processing/install/chlorophyll_node/lib/python3.10/site-packages:${PYTHONPATH} /usr/bin/python3 -W ignore:setup.py install is deprecated -W ignore:easy_install command is deprecated setup.py develop --editable --build-directory /media/soumik/18D07164D07148D0/CODE/GIT/Office_Codes/Ros2/samdhan_ng_processing/build/chlorophyll_node/build --no-deps symlink_data --force
[2.327s] colcon.colcon_core.shell Level 1 create_environment_hook('chlorophyll_node', 'pythonpath_develop')
[2.328s] colcon.colcon_core.shell INFO Creating environment hook '/media/soumik/18D07164D07148D0/CODE/GIT/Office_Codes/Ros2/samdhan_ng_processing/build/chlorophyll_node/share/chlorophyll_node/hook/pythonpath_develop.ps1'
[2.330s] colcon.colcon_core.event_handler.log_command DEBUG Invoked command in '/media/soumik/18D07164D07148D0/CODE/GIT/Office_Codes/Ros2/samdhan_ng_processing/build/chlorophyll_node' returned '0': PYTHONPATH=/media/soumik/18D07164D07148D0/CODE/GIT/Office_Codes/Ros2/samdhan_ng_processing/build/chlorophyll_node/prefix_override:/usr/lib/python3/dist-packages/colcon_core/task/python/colcon_distutils_commands:/media/soumik/18D07164D07148D0/CODE/GIT/Office_Codes/Ros2/samdhan_ng_processing/install/chlorophyll_node/lib/python3.10/site-packages:${PYTHONPATH} /usr/bin/python3 -W ignore:setup.py install is deprecated -W ignore:easy_install command is deprecated setup.py develop --editable --build-directory /media/soumik/18D07164D07148D0/CODE/GIT/Office_Codes/Ros2/samdhan_ng_processing/build/chlorophyll_node/build --no-deps symlink_data --force
[2.332s] colcon.colcon_core.shell INFO Creating environment descriptor '/media/soumik/18D07164D07148D0/CODE/GIT/Office_Codes/Ros2/samdhan_ng_processing/build/chlorophyll_node/share/chlorophyll_node/hook/pythonpath_develop.dsv'
[2.333s] colcon.colcon_core.shell INFO Creating environment hook '/media/soumik/18D07164D07148D0/CODE/GIT/Office_Codes/Ros2/samdhan_ng_processing/build/chlorophyll_node/share/chlorophyll_node/hook/pythonpath_develop.sh'
[2.338s] colcon.colcon_core.environment Level 1 checking '/media/soumik/18D07164D07148D0/CODE/GIT/Office_Codes/Ros2/samdhan_ng_processing/install/chlorophyll_node' for CMake module files
[2.344s] colcon.colcon_core.environment Level 1 checking '/media/soumik/18D07164D07148D0/CODE/GIT/Office_Codes/Ros2/samdhan_ng_processing/install/chlorophyll_node' for CMake config files
[2.353s] colcon.colcon_core.environment Level 1 checking '/media/soumik/18D07164D07148D0/CODE/GIT/Office_Codes/Ros2/samdhan_ng_processing/install/chlorophyll_node/lib'
[2.354s] colcon.colcon_core.environment Level 1 checking '/media/soumik/18D07164D07148D0/CODE/GIT/Office_Codes/Ros2/samdhan_ng_processing/install/chlorophyll_node/bin'
[2.354s] colcon.colcon_core.environment Level 1 checking '/media/soumik/18D07164D07148D0/CODE/GIT/Office_Codes/Ros2/samdhan_ng_processing/install/chlorophyll_node/lib/pkgconfig/chlorophyll_node.pc'
[2.354s] colcon.colcon_core.environment Level 1 checking '/media/soumik/18D07164D07148D0/CODE/GIT/Office_Codes/Ros2/samdhan_ng_processing/install/chlorophyll_node/lib/python3.10/site-packages'
[2.355s] colcon.colcon_core.shell Level 1 create_environment_hook('chlorophyll_node', 'pythonpath')
[2.355s] colcon.colcon_core.shell INFO Creating environment hook '/media/soumik/18D07164D07148D0/CODE/GIT/Office_Codes/Ros2/samdhan_ng_processing/install/chlorophyll_node/share/chlorophyll_node/hook/pythonpath.ps1'
[2.356s] colcon.colcon_core.shell INFO Creating environment descriptor '/media/soumik/18D07164D07148D0/CODE/GIT/Office_Codes/Ros2/samdhan_ng_processing/install/chlorophyll_node/share/chlorophyll_node/hook/pythonpath.dsv'
[2.357s] colcon.colcon_core.shell INFO Creating environment hook '/media/soumik/18D07164D07148D0/CODE/GIT/Office_Codes/Ros2/samdhan_ng_processing/install/chlorophyll_node/share/chlorophyll_node/hook/pythonpath.sh'
[2.358s] colcon.colcon_core.environment Level 1 checking '/media/soumik/18D07164D07148D0/CODE/GIT/Office_Codes/Ros2/samdhan_ng_processing/install/chlorophyll_node/bin'
[2.358s] colcon.colcon_core.environment Level 1 create_environment_scripts_only(chlorophyll_node)
[2.359s] colcon.colcon_core.shell INFO Creating package script '/media/soumik/18D07164D07148D0/CODE/GIT/Office_Codes/Ros2/samdhan_ng_processing/install/chlorophyll_node/share/chlorophyll_node/package.ps1'
[2.360s] colcon.colcon_core.shell INFO Creating package descriptor '/media/soumik/18D07164D07148D0/CODE/GIT/Office_Codes/Ros2/samdhan_ng_processing/install/chlorophyll_node/share/chlorophyll_node/package.dsv'
[2.361s] colcon.colcon_core.shell INFO Creating package script '/media/soumik/18D07164D07148D0/CODE/GIT/Office_Codes/Ros2/samdhan_ng_processing/install/chlorophyll_node/share/chlorophyll_node/package.sh'
[2.363s] colcon.colcon_core.shell INFO Creating package script '/media/soumik/18D07164D07148D0/CODE/GIT/Office_Codes/Ros2/samdhan_ng_processing/install/chlorophyll_node/share/chlorophyll_node/package.bash'
[2.364s] colcon.colcon_core.shell INFO Creating package script '/media/soumik/18D07164D07148D0/CODE/GIT/Office_Codes/Ros2/samdhan_ng_processing/install/chlorophyll_node/share/chlorophyll_node/package.zsh'
[2.366s] colcon.colcon_core.environment Level 1 create_file_with_runtime_dependencies(/media/soumik/18D07164D07148D0/CODE/GIT/Office_Codes/Ros2/samdhan_ng_processing/install/chlorophyll_node/share/colcon-core/packages/chlorophyll_node)
[2.367s] colcon.colcon_parallel_executor.executor.parallel DEBUG closing loop
[2.367s] colcon.colcon_parallel_executor.executor.parallel DEBUG loop closed
[2.367s] colcon.colcon_parallel_executor.executor.parallel DEBUG run_until_complete finished with '0'
[2.367s] colcon.colcon_core.event_reactor DEBUG joining thread
[2.374s] colcon.colcon_core.plugin_system INFO Skipping extension 'colcon_notification.desktop_notification.terminal_notifier': Not used on non-Darwin systems
[2.374s] colcon.colcon_core.plugin_system INFO Skipping extension 'colcon_notification.desktop_notification.win32': Not used on non-Windows systems
[2.375s] colcon.colcon_notification.desktop_notification INFO Sending desktop notification using 'notify2'
[2.391s] colcon.colcon_core.event_reactor DEBUG joined thread
[2.391s] colcon.colcon_core.shell INFO Creating prefix script '/media/soumik/18D07164D07148D0/CODE/GIT/Office_Codes/Ros2/samdhan_ng_processing/install/local_setup.ps1'
[2.393s] colcon.colcon_core.shell INFO Creating prefix util module '/media/soumik/18D07164D07148D0/CODE/GIT/Office_Codes/Ros2/samdhan_ng_processing/install/_local_setup_util_ps1.py'
[2.395s] colcon.colcon_core.shell INFO Creating prefix chain script '/media/soumik/18D07164D07148D0/CODE/GIT/Office_Codes/Ros2/samdhan_ng_processing/install/setup.ps1'
[2.396s] colcon.colcon_core.shell INFO Creating prefix script '/media/soumik/18D07164D07148D0/CODE/GIT/Office_Codes/Ros2/samdhan_ng_processing/install/local_setup.sh'
[2.397s] colcon.colcon_core.shell INFO Creating prefix util module '/media/soumik/18D07164D07148D0/CODE/GIT/Office_Codes/Ros2/samdhan_ng_processing/install/_local_setup_util_sh.py'
[2.398s] colcon.colcon_core.shell INFO Creating prefix chain script '/media/soumik/18D07164D07148D0/CODE/GIT/Office_Codes/Ros2/samdhan_ng_processing/install/setup.sh'
[2.399s] colcon.colcon_core.shell INFO Creating prefix script '/media/soumik/18D07164D07148D0/CODE/GIT/Office_Codes/Ros2/samdhan_ng_processing/install/local_setup.bash'
[2.400s] colcon.colcon_core.shell INFO Creating prefix chain script '/media/soumik/18D07164D07148D0/CODE/GIT/Office_Codes/Ros2/samdhan_ng_processing/install/setup.bash'
[2.402s] colcon.colcon_core.shell INFO Creating prefix script '/media/soumik/18D07164D07148D0/CODE/GIT/Office_Codes/Ros2/samdhan_ng_processing/install/local_setup.zsh'
[2.403s] colcon.colcon_core.shell INFO Creating prefix chain script '/media/soumik/18D07164D07148D0/CODE/GIT/Office_Codes/Ros2/samdhan_ng_processing/install/setup.zsh'
