[0.110s] [34mcolcon[0m [1;30mDEBUG[0m [32mCommand line arguments: ['/usr/bin/colcon', 'build'][0m
[0.110s] [34mcolcon[0m [1;30mDEBUG[0m [32mParsed command line arguments: Namespace(log_base=None, log_level=None, verb_name='build', build_base='build', install_base='install', merge_install=False, symlink_install=False, test_result_base=None, continue_on_error=False, executor='parallel', parallel_workers=8, event_handlers=None, ignore_user_meta=False, metas=['./colcon.meta'], base_paths=['.'], packages_ignore=None, packages_ignore_regex=None, paths=None, packages_up_to=None, packages_up_to_regex=None, packages_above=None, packages_above_and_dependencies=None, packages_above_depth=None, packages_select_by_dep=None, packages_skip_by_dep=None, packages_skip_up_to=None, packages_select_build_failed=False, packages_skip_build_finished=False, packages_select_test_failures=False, packages_skip_test_passed=False, packages_select=None, packages_skip=None, packages_select_regex=None, packages_skip_regex=None, packages_start=None, packages_end=None, allow_overriding=[], cmake_args=None, cmake_target=None, cmake_target_skip_unavailable=False, cmake_clean_cache=False, cmake_clean_first=False, cmake_force_configure=False, ament_cmake_args=None, catkin_cmake_args=None, catkin_skip_building_tests=False, mixin_files=None, mixin=None, verb_parser=<colcon_mixin.mixin.mixin_argument.MixinArgumentDecorator object at 0x7441c6c4b310>, verb_extension=<colcon_core.verb.build.BuildVerb object at 0x7441c6c4ad40>, main=<bound method BuildVerb.main of <colcon_core.verb.build.BuildVerb object at 0x7441c6c4ad40>>, mixin_verb=('build',))[0m
[0.145s] [34mcolcon.colcon_core.package_discovery[0m [1;30mLevel 1[0m discover_packages(colcon_meta) check parameters
[0.145s] [34mcolcon.colcon_core.package_discovery[0m [1;30mLevel 1[0m discover_packages(recursive) check parameters
[0.145s] [34mcolcon.colcon_core.package_discovery[0m [1;30mLevel 1[0m discover_packages(ignore) check parameters
[0.146s] [34mcolcon.colcon_core.package_discovery[0m [1;30mLevel 1[0m discover_packages(path) check parameters
[0.146s] [34mcolcon.colcon_core.package_discovery[0m [1;30mLevel 1[0m discover_packages(colcon_meta) discover
[0.146s] [34mcolcon.colcon_core.package_discovery[0m [1;30mLevel 1[0m discover_packages(recursive) discover
[0.146s] [34mcolcon.colcon_core.package_discovery[0m [1;30mINFO[0m Crawling recursively for packages in '/media/soumik/18D07164D07148D0/CODE/GIT/Office_Codes/Ros2/samdhan_ng_processing'
[0.146s] [34mcolcon.colcon_core.package_identification[0m [1;30mLevel 1[0m _identify(.) by extensions ['ignore', 'ignore_ament_install']
[0.146s] [34mcolcon.colcon_core.package_identification[0m [1;30mLevel 1[0m _identify(.) by extension 'ignore'
[0.146s] [34mcolcon.colcon_core.package_identification[0m [1;30mLevel 1[0m _identify(.) by extension 'ignore_ament_install'
[0.147s] [34mcolcon.colcon_core.package_identification[0m [1;30mLevel 1[0m _identify(.) by extensions ['colcon_pkg']
[0.147s] [34mcolcon.colcon_core.package_identification[0m [1;30mLevel 1[0m _identify(.) by extension 'colcon_pkg'
[0.147s] [34mcolcon.colcon_core.package_identification[0m [1;30mLevel 1[0m _identify(.) by extensions ['colcon_meta']
[0.147s] [34mcolcon.colcon_core.package_identification[0m [1;30mLevel 1[0m _identify(.) by extension 'colcon_meta'
[0.147s] [34mcolcon.colcon_core.package_identification[0m [1;30mLevel 1[0m _identify(.) by extensions ['ros']
[0.147s] [34mcolcon.colcon_core.package_identification[0m [1;30mLevel 1[0m _identify(.) by extension 'ros'
[0.163s] [34mcolcon.colcon_core.package_identification[0m [1;30mLevel 1[0m _identify(.) by extensions ['cmake', 'python']
[0.163s] [34mcolcon.colcon_core.package_identification[0m [1;30mLevel 1[0m _identify(.) by extension 'cmake'
[0.164s] [34mcolcon.colcon_core.package_identification[0m [1;30mLevel 1[0m _identify(.) by extension 'python'
[0.164s] [34mcolcon.colcon_core.package_identification[0m [1;30mLevel 1[0m _identify(.) by extensions ['python_setup_py']
[0.164s] [34mcolcon.colcon_core.package_identification[0m [1;30mLevel 1[0m _identify(.) by extension 'python_setup_py'
[0.164s] [34mcolcon.colcon_core.package_identification[0m [1;30mLevel 1[0m _identify(build) by extensions ['ignore', 'ignore_ament_install']
[0.164s] [34mcolcon.colcon_core.package_identification[0m [1;30mLevel 1[0m _identify(build) by extension 'ignore'
[0.164s] [34mcolcon.colcon_core.package_identification[0m [1;30mLevel 1[0m _identify(build) ignored
[0.165s] [34mcolcon.colcon_core.package_identification[0m [1;30mLevel 1[0m _identify(install) by extensions ['ignore', 'ignore_ament_install']
[0.165s] [34mcolcon.colcon_core.package_identification[0m [1;30mLevel 1[0m _identify(install) by extension 'ignore'
[0.165s] [34mcolcon.colcon_core.package_identification[0m [1;30mLevel 1[0m _identify(install) ignored
[0.165s] [34mcolcon.colcon_core.package_identification[0m [1;30mLevel 1[0m _identify(log) by extensions ['ignore', 'ignore_ament_install']
[0.165s] [34mcolcon.colcon_core.package_identification[0m [1;30mLevel 1[0m _identify(log) by extension 'ignore'
[0.165s] [34mcolcon.colcon_core.package_identification[0m [1;30mLevel 1[0m _identify(log) ignored
[0.166s] [34mcolcon.colcon_core.package_identification[0m [1;30mLevel 1[0m _identify(src) by extensions ['ignore', 'ignore_ament_install']
[0.166s] [34mcolcon.colcon_core.package_identification[0m [1;30mLevel 1[0m _identify(src) by extension 'ignore'
[0.166s] [34mcolcon.colcon_core.package_identification[0m [1;30mLevel 1[0m _identify(src) by extension 'ignore_ament_install'
[0.166s] [34mcolcon.colcon_core.package_identification[0m [1;30mLevel 1[0m _identify(src) by extensions ['colcon_pkg']
[0.166s] [34mcolcon.colcon_core.package_identification[0m [1;30mLevel 1[0m _identify(src) by extension 'colcon_pkg'
[0.166s] [34mcolcon.colcon_core.package_identification[0m [1;30mLevel 1[0m _identify(src) by extensions ['colcon_meta']
[0.166s] [34mcolcon.colcon_core.package_identification[0m [1;30mLevel 1[0m _identify(src) by extension 'colcon_meta'
[0.167s] [34mcolcon.colcon_core.package_identification[0m [1;30mLevel 1[0m _identify(src) by extensions ['ros']
[0.167s] [34mcolcon.colcon_core.package_identification[0m [1;30mLevel 1[0m _identify(src) by extension 'ros'
[0.167s] [34mcolcon.colcon_core.package_identification[0m [1;30mLevel 1[0m _identify(src) by extensions ['cmake', 'python']
[0.167s] [34mcolcon.colcon_core.package_identification[0m [1;30mLevel 1[0m _identify(src) by extension 'cmake'
[0.167s] [34mcolcon.colcon_core.package_identification[0m [1;30mLevel 1[0m _identify(src) by extension 'python'
[0.167s] [34mcolcon.colcon_core.package_identification[0m [1;30mLevel 1[0m _identify(src) by extensions ['python_setup_py']
[0.167s] [34mcolcon.colcon_core.package_identification[0m [1;30mLevel 1[0m _identify(src) by extension 'python_setup_py'
[0.168s] [34mcolcon.colcon_core.package_identification[0m [1;30mLevel 1[0m _identify(src/__pycache__) by extensions ['ignore', 'ignore_ament_install']
[0.168s] [34mcolcon.colcon_core.package_identification[0m [1;30mLevel 1[0m _identify(src/__pycache__) by extension 'ignore'
[0.168s] [34mcolcon.colcon_core.package_identification[0m [1;30mLevel 1[0m _identify(src/__pycache__) by extension 'ignore_ament_install'
[0.168s] [34mcolcon.colcon_core.package_identification[0m [1;30mLevel 1[0m _identify(src/__pycache__) by extensions ['colcon_pkg']
[0.168s] [34mcolcon.colcon_core.package_identification[0m [1;30mLevel 1[0m _identify(src/__pycache__) by extension 'colcon_pkg'
[0.168s] [34mcolcon.colcon_core.package_identification[0m [1;30mLevel 1[0m _identify(src/__pycache__) by extensions ['colcon_meta']
[0.168s] [34mcolcon.colcon_core.package_identification[0m [1;30mLevel 1[0m _identify(src/__pycache__) by extension 'colcon_meta'
[0.169s] [34mcolcon.colcon_core.package_identification[0m [1;30mLevel 1[0m _identify(src/__pycache__) by extensions ['ros']
[0.169s] [34mcolcon.colcon_core.package_identification[0m [1;30mLevel 1[0m _identify(src/__pycache__) by extension 'ros'
[0.169s] [34mcolcon.colcon_core.package_identification[0m [1;30mLevel 1[0m _identify(src/__pycache__) by extensions ['cmake', 'python']
[0.169s] [34mcolcon.colcon_core.package_identification[0m [1;30mLevel 1[0m _identify(src/__pycache__) by extension 'cmake'
[0.169s] [34mcolcon.colcon_core.package_identification[0m [1;30mLevel 1[0m _identify(src/__pycache__) by extension 'python'
[0.169s] [34mcolcon.colcon_core.package_identification[0m [1;30mLevel 1[0m _identify(src/__pycache__) by extensions ['python_setup_py']
[0.169s] [34mcolcon.colcon_core.package_identification[0m [1;30mLevel 1[0m _identify(src/__pycache__) by extension 'python_setup_py'
[0.170s] [34mcolcon.colcon_core.package_identification[0m [1;30mLevel 1[0m _identify(src/chlorophyll_node) by extensions ['ignore', 'ignore_ament_install']
[0.170s] [34mcolcon.colcon_core.package_identification[0m [1;30mLevel 1[0m _identify(src/chlorophyll_node) by extension 'ignore'
[0.170s] [34mcolcon.colcon_core.package_identification[0m [1;30mLevel 1[0m _identify(src/chlorophyll_node) by extension 'ignore_ament_install'
[0.170s] [34mcolcon.colcon_core.package_identification[0m [1;30mLevel 1[0m _identify(src/chlorophyll_node) by extensions ['colcon_pkg']
[0.170s] [34mcolcon.colcon_core.package_identification[0m [1;30mLevel 1[0m _identify(src/chlorophyll_node) by extension 'colcon_pkg'
[0.170s] [34mcolcon.colcon_core.package_identification[0m [1;30mLevel 1[0m _identify(src/chlorophyll_node) by extensions ['colcon_meta']
[0.171s] [34mcolcon.colcon_core.package_identification[0m [1;30mLevel 1[0m _identify(src/chlorophyll_node) by extension 'colcon_meta'
[0.171s] [34mcolcon.colcon_core.package_identification[0m [1;30mLevel 1[0m _identify(src/chlorophyll_node) by extensions ['ros']
[0.171s] [34mcolcon.colcon_core.package_identification[0m [1;30mLevel 1[0m _identify(src/chlorophyll_node) by extension 'ros'
[0.175s] [34mcolcon.colcon_core.package_identification[0m [1;30mDEBUG[0m [32mPackage 'src/chlorophyll_node' with type 'ros.ament_python' and name 'chlorophyll_node'[0m
[0.175s] [34mcolcon.colcon_core.package_discovery[0m [1;30mLevel 1[0m discover_packages(recursive) using defaults
[0.175s] [34mcolcon.colcon_core.package_discovery[0m [1;30mLevel 1[0m discover_packages(ignore) discover
[0.175s] [34mcolcon.colcon_core.package_discovery[0m [1;30mLevel 1[0m discover_packages(ignore) using defaults
[0.175s] [34mcolcon.colcon_core.package_discovery[0m [1;30mLevel 1[0m discover_packages(path) discover
[0.175s] [34mcolcon.colcon_core.package_discovery[0m [1;30mLevel 1[0m discover_packages(path) using defaults
[0.191s] [34mcolcon.colcon_core.package_discovery[0m [1;30mLevel 1[0m discover_packages(prefix_path) check parameters
[0.191s] [34mcolcon.colcon_core.package_discovery[0m [1;30mLevel 1[0m discover_packages(prefix_path) discover
[0.194s] [34mcolcon.colcon_installed_package_information.package_discovery[0m [1;30mDEBUG[0m [32mFound 273 installed packages in /opt/ros/humble[0m
[0.195s] [34mcolcon.colcon_core.package_discovery[0m [1;30mLevel 1[0m discover_packages(prefix_path) using defaults
[0.227s] [34mcolcon.colcon_core.verb[0m [1;30mLevel 5[0m set package 'chlorophyll_node' build argument 'cmake_args' from command line to 'None'
[0.228s] [34mcolcon.colcon_core.verb[0m [1;30mLevel 5[0m set package 'chlorophyll_node' build argument 'cmake_target' from command line to 'None'
[0.228s] [34mcolcon.colcon_core.verb[0m [1;30mLevel 5[0m set package 'chlorophyll_node' build argument 'cmake_target_skip_unavailable' from command line to 'False'
[0.228s] [34mcolcon.colcon_core.verb[0m [1;30mLevel 5[0m set package 'chlorophyll_node' build argument 'cmake_clean_cache' from command line to 'False'
[0.228s] [34mcolcon.colcon_core.verb[0m [1;30mLevel 5[0m set package 'chlorophyll_node' build argument 'cmake_clean_first' from command line to 'False'
[0.228s] [34mcolcon.colcon_core.verb[0m [1;30mLevel 5[0m set package 'chlorophyll_node' build argument 'cmake_force_configure' from command line to 'False'
[0.228s] [34mcolcon.colcon_core.verb[0m [1;30mLevel 5[0m set package 'chlorophyll_node' build argument 'ament_cmake_args' from command line to 'None'
[0.228s] [34mcolcon.colcon_core.verb[0m [1;30mLevel 5[0m set package 'chlorophyll_node' build argument 'catkin_cmake_args' from command line to 'None'
[0.228s] [34mcolcon.colcon_core.verb[0m [1;30mLevel 5[0m set package 'chlorophyll_node' build argument 'catkin_skip_building_tests' from command line to 'False'
[0.228s] [34mcolcon.colcon_core.verb[0m [1;30mDEBUG[0m [32mBuilding package 'chlorophyll_node' with the following arguments: {'ament_cmake_args': None, 'build_base': '/media/soumik/18D07164D07148D0/CODE/GIT/Office_Codes/Ros2/samdhan_ng_processing/build/chlorophyll_node', 'catkin_cmake_args': None, 'catkin_skip_building_tests': False, 'cmake_args': None, 'cmake_clean_cache': False, 'cmake_clean_first': False, 'cmake_force_configure': False, 'cmake_target': None, 'cmake_target_skip_unavailable': False, 'install_base': '/media/soumik/18D07164D07148D0/CODE/GIT/Office_Codes/Ros2/samdhan_ng_processing/install/chlorophyll_node', 'merge_install': False, 'path': '/media/soumik/18D07164D07148D0/CODE/GIT/Office_Codes/Ros2/samdhan_ng_processing/src/chlorophyll_node', 'symlink_install': False, 'test_result_base': None}[0m
[0.229s] [34mcolcon.colcon_core.executor[0m [1;30mINFO[0m Executing jobs using 'parallel' executor
[0.230s] [34mcolcon.colcon_parallel_executor.executor.parallel[0m [1;30mDEBUG[0m [32mrun_until_complete[0m
[0.230s] [34mcolcon.colcon_ros.task.ament_python.build[0m [1;30mINFO[0m Building ROS package in '/media/soumik/18D07164D07148D0/CODE/GIT/Office_Codes/Ros2/samdhan_ng_processing/src/chlorophyll_node' with build type 'ament_python'
[0.230s] [34mcolcon.colcon_core.shell[0m [1;30mLevel 1[0m create_environment_hook('chlorophyll_node', 'ament_prefix_path')
[0.233s] [34mcolcon.colcon_core.plugin_system[0m [1;30mINFO[0m Skipping extension 'colcon_core.shell.bat': Not used on non-Windows systems
[0.233s] [34mcolcon.colcon_core.shell[0m [1;30mINFO[0m Creating environment hook '/media/soumik/18D07164D07148D0/CODE/GIT/Office_Codes/Ros2/samdhan_ng_processing/install/chlorophyll_node/share/chlorophyll_node/hook/ament_prefix_path.ps1'
[0.235s] [34mcolcon.colcon_core.shell[0m [1;30mINFO[0m Creating environment descriptor '/media/soumik/18D07164D07148D0/CODE/GIT/Office_Codes/Ros2/samdhan_ng_processing/install/chlorophyll_node/share/chlorophyll_node/hook/ament_prefix_path.dsv'
[0.236s] [34mcolcon.colcon_core.shell[0m [1;30mINFO[0m Creating environment hook '/media/soumik/18D07164D07148D0/CODE/GIT/Office_Codes/Ros2/samdhan_ng_processing/install/chlorophyll_node/share/chlorophyll_node/hook/ament_prefix_path.sh'
[0.238s] [34mcolcon.colcon_core.shell[0m [1;30mINFO[0m Skip shell extension 'powershell' for command environment: Not usable outside of PowerShell
[0.238s] [34mcolcon.colcon_core.shell[0m [1;30mDEBUG[0m [32mSkip shell extension 'dsv' for command environment[0m
[0.485s] [34mcolcon.colcon_core.task.python.build[0m [1;30mINFO[0m Building Python package in '/media/soumik/18D07164D07148D0/CODE/GIT/Office_Codes/Ros2/samdhan_ng_processing/src/chlorophyll_node'
[0.486s] [34mcolcon.colcon_core.shell[0m [1;30mINFO[0m Skip shell extension 'powershell' for command environment: Not usable outside of PowerShell
[0.486s] [34mcolcon.colcon_core.shell[0m [1;30mDEBUG[0m [32mSkip shell extension 'dsv' for command environment[0m
[1.196s] [34mcolcon.colcon_core.event_handler.log_command[0m [1;30mDEBUG[0m [32mInvoking command in '/media/soumik/18D07164D07148D0/CODE/GIT/Office_Codes/Ros2/samdhan_ng_processing/build/chlorophyll_node': PYTHONPATH=/media/soumik/18D07164D07148D0/CODE/GIT/Office_Codes/Ros2/samdhan_ng_processing/build/chlorophyll_node/prefix_override:/usr/lib/python3/dist-packages/colcon_core/task/python/colcon_distutils_commands:/media/soumik/18D07164D07148D0/CODE/GIT/Office_Codes/Ros2/samdhan_ng_processing/install/chlorophyll_node/lib/python3.10/site-packages:${PYTHONPATH} /usr/bin/python3 -W ignore:setup.py install is deprecated -W ignore:easy_install command is deprecated setup.py develop --uninstall --editable --build-directory /media/soumik/18D07164D07148D0/CODE/GIT/Office_Codes/Ros2/samdhan_ng_processing/build/chlorophyll_node/build[0m
[1.856s] [34mcolcon.colcon_core.event_handler.log_command[0m [1;30mDEBUG[0m [32mInvoked command in '/media/soumik/18D07164D07148D0/CODE/GIT/Office_Codes/Ros2/samdhan_ng_processing/build/chlorophyll_node' returned '0': PYTHONPATH=/media/soumik/18D07164D07148D0/CODE/GIT/Office_Codes/Ros2/samdhan_ng_processing/build/chlorophyll_node/prefix_override:/usr/lib/python3/dist-packages/colcon_core/task/python/colcon_distutils_commands:/media/soumik/18D07164D07148D0/CODE/GIT/Office_Codes/Ros2/samdhan_ng_processing/install/chlorophyll_node/lib/python3.10/site-packages:${PYTHONPATH} /usr/bin/python3 -W ignore:setup.py install is deprecated -W ignore:easy_install command is deprecated setup.py develop --uninstall --editable --build-directory /media/soumik/18D07164D07148D0/CODE/GIT/Office_Codes/Ros2/samdhan_ng_processing/build/chlorophyll_node/build[0m
[1.859s] [34mcolcon.colcon_core.event_handler.log_command[0m [1;30mDEBUG[0m [32mInvoking command in '/media/soumik/18D07164D07148D0/CODE/GIT/Office_Codes/Ros2/samdhan_ng_processing/src/chlorophyll_node': PYTHONPATH=/media/soumik/18D07164D07148D0/CODE/GIT/Office_Codes/Ros2/samdhan_ng_processing/build/chlorophyll_node/prefix_override:/usr/lib/python3/dist-packages/colcon_core/task/python/colcon_distutils_commands:/media/soumik/18D07164D07148D0/CODE/GIT/Office_Codes/Ros2/samdhan_ng_processing/install/chlorophyll_node/lib/python3.10/site-packages:${PYTHONPATH} /usr/bin/python3 -W ignore:setup.py install is deprecated -W ignore:easy_install command is deprecated setup.py egg_info --egg-base ../../build/chlorophyll_node build --build-base /media/soumik/18D07164D07148D0/CODE/GIT/Office_Codes/Ros2/samdhan_ng_processing/build/chlorophyll_node/build install --record /media/soumik/18D07164D07148D0/CODE/GIT/Office_Codes/Ros2/samdhan_ng_processing/build/chlorophyll_node/install.log --single-version-externally-managed install_data --force[0m
[2.504s] [34mcolcon.colcon_core.event_handler.log_command[0m [1;30mDEBUG[0m [32mInvoked command in '/media/soumik/18D07164D07148D0/CODE/GIT/Office_Codes/Ros2/samdhan_ng_processing/src/chlorophyll_node' returned '0': PYTHONPATH=/media/soumik/18D07164D07148D0/CODE/GIT/Office_Codes/Ros2/samdhan_ng_processing/build/chlorophyll_node/prefix_override:/usr/lib/python3/dist-packages/colcon_core/task/python/colcon_distutils_commands:/media/soumik/18D07164D07148D0/CODE/GIT/Office_Codes/Ros2/samdhan_ng_processing/install/chlorophyll_node/lib/python3.10/site-packages:${PYTHONPATH} /usr/bin/python3 -W ignore:setup.py install is deprecated -W ignore:easy_install command is deprecated setup.py egg_info --egg-base ../../build/chlorophyll_node build --build-base /media/soumik/18D07164D07148D0/CODE/GIT/Office_Codes/Ros2/samdhan_ng_processing/build/chlorophyll_node/build install --record /media/soumik/18D07164D07148D0/CODE/GIT/Office_Codes/Ros2/samdhan_ng_processing/build/chlorophyll_node/install.log --single-version-externally-managed install_data --force[0m
[2.506s] [34mcolcon.colcon_core.environment[0m [1;30mLevel 1[0m checking '/media/soumik/18D07164D07148D0/CODE/GIT/Office_Codes/Ros2/samdhan_ng_processing/install/chlorophyll_node' for CMake module files
[2.509s] [34mcolcon.colcon_core.environment[0m [1;30mLevel 1[0m checking '/media/soumik/18D07164D07148D0/CODE/GIT/Office_Codes/Ros2/samdhan_ng_processing/install/chlorophyll_node' for CMake config files
[2.514s] [34mcolcon.colcon_core.environment[0m [1;30mLevel 1[0m checking '/media/soumik/18D07164D07148D0/CODE/GIT/Office_Codes/Ros2/samdhan_ng_processing/install/chlorophyll_node/lib'
[2.514s] [34mcolcon.colcon_core.environment[0m [1;30mLevel 1[0m checking '/media/soumik/18D07164D07148D0/CODE/GIT/Office_Codes/Ros2/samdhan_ng_processing/install/chlorophyll_node/bin'
[2.514s] [34mcolcon.colcon_core.environment[0m [1;30mLevel 1[0m checking '/media/soumik/18D07164D07148D0/CODE/GIT/Office_Codes/Ros2/samdhan_ng_processing/install/chlorophyll_node/lib/pkgconfig/chlorophyll_node.pc'
[2.515s] [34mcolcon.colcon_core.environment[0m [1;30mLevel 1[0m checking '/media/soumik/18D07164D07148D0/CODE/GIT/Office_Codes/Ros2/samdhan_ng_processing/install/chlorophyll_node/lib/python3.10/site-packages'
[2.515s] [34mcolcon.colcon_core.shell[0m [1;30mLevel 1[0m create_environment_hook('chlorophyll_node', 'pythonpath')
[2.515s] [34mcolcon.colcon_core.shell[0m [1;30mINFO[0m Creating environment hook '/media/soumik/18D07164D07148D0/CODE/GIT/Office_Codes/Ros2/samdhan_ng_processing/install/chlorophyll_node/share/chlorophyll_node/hook/pythonpath.ps1'
[2.516s] [34mcolcon.colcon_core.shell[0m [1;30mINFO[0m Creating environment descriptor '/media/soumik/18D07164D07148D0/CODE/GIT/Office_Codes/Ros2/samdhan_ng_processing/install/chlorophyll_node/share/chlorophyll_node/hook/pythonpath.dsv'
[2.517s] [34mcolcon.colcon_core.shell[0m [1;30mINFO[0m Creating environment hook '/media/soumik/18D07164D07148D0/CODE/GIT/Office_Codes/Ros2/samdhan_ng_processing/install/chlorophyll_node/share/chlorophyll_node/hook/pythonpath.sh'
[2.518s] [34mcolcon.colcon_core.environment[0m [1;30mLevel 1[0m checking '/media/soumik/18D07164D07148D0/CODE/GIT/Office_Codes/Ros2/samdhan_ng_processing/install/chlorophyll_node/bin'
[2.518s] [34mcolcon.colcon_core.environment[0m [1;30mLevel 1[0m create_environment_scripts_only(chlorophyll_node)
[2.519s] [34mcolcon.colcon_core.shell[0m [1;30mINFO[0m Creating package script '/media/soumik/18D07164D07148D0/CODE/GIT/Office_Codes/Ros2/samdhan_ng_processing/install/chlorophyll_node/share/chlorophyll_node/package.ps1'
[2.520s] [34mcolcon.colcon_core.shell[0m [1;30mINFO[0m Creating package descriptor '/media/soumik/18D07164D07148D0/CODE/GIT/Office_Codes/Ros2/samdhan_ng_processing/install/chlorophyll_node/share/chlorophyll_node/package.dsv'
[2.522s] [34mcolcon.colcon_core.shell[0m [1;30mINFO[0m Creating package script '/media/soumik/18D07164D07148D0/CODE/GIT/Office_Codes/Ros2/samdhan_ng_processing/install/chlorophyll_node/share/chlorophyll_node/package.sh'
[2.526s] [34mcolcon.colcon_core.shell[0m [1;30mINFO[0m Creating package script '/media/soumik/18D07164D07148D0/CODE/GIT/Office_Codes/Ros2/samdhan_ng_processing/install/chlorophyll_node/share/chlorophyll_node/package.bash'
[2.529s] [34mcolcon.colcon_core.shell[0m [1;30mINFO[0m Creating package script '/media/soumik/18D07164D07148D0/CODE/GIT/Office_Codes/Ros2/samdhan_ng_processing/install/chlorophyll_node/share/chlorophyll_node/package.zsh'
[2.531s] [34mcolcon.colcon_core.environment[0m [1;30mLevel 1[0m create_file_with_runtime_dependencies(/media/soumik/18D07164D07148D0/CODE/GIT/Office_Codes/Ros2/samdhan_ng_processing/install/chlorophyll_node/share/colcon-core/packages/chlorophyll_node)
[2.532s] [34mcolcon.colcon_parallel_executor.executor.parallel[0m [1;30mDEBUG[0m [32mclosing loop[0m
[2.532s] [34mcolcon.colcon_parallel_executor.executor.parallel[0m [1;30mDEBUG[0m [32mloop closed[0m
[2.533s] [34mcolcon.colcon_parallel_executor.executor.parallel[0m [1;30mDEBUG[0m [32mrun_until_complete finished with '0'[0m
[2.533s] [34mcolcon.colcon_core.event_reactor[0m [1;30mDEBUG[0m [32mjoining thread[0m
[2.544s] [34mcolcon.colcon_core.plugin_system[0m [1;30mINFO[0m Skipping extension 'colcon_notification.desktop_notification.terminal_notifier': Not used on non-Darwin systems
[2.544s] [34mcolcon.colcon_core.plugin_system[0m [1;30mINFO[0m Skipping extension 'colcon_notification.desktop_notification.win32': Not used on non-Windows systems
[2.544s] [34mcolcon.colcon_notification.desktop_notification[0m [1;30mINFO[0m Sending desktop notification using 'notify2'
[2.706s] [34mcolcon.colcon_core.event_reactor[0m [1;30mDEBUG[0m [32mjoined thread[0m
[2.707s] [34mcolcon.colcon_core.shell[0m [1;30mINFO[0m Creating prefix script '/media/soumik/18D07164D07148D0/CODE/GIT/Office_Codes/Ros2/samdhan_ng_processing/install/local_setup.ps1'
[2.709s] [34mcolcon.colcon_core.shell[0m [1;30mINFO[0m Creating prefix util module '/media/soumik/18D07164D07148D0/CODE/GIT/Office_Codes/Ros2/samdhan_ng_processing/install/_local_setup_util_ps1.py'
[2.712s] [34mcolcon.colcon_core.shell[0m [1;30mINFO[0m Creating prefix chain script '/media/soumik/18D07164D07148D0/CODE/GIT/Office_Codes/Ros2/samdhan_ng_processing/install/setup.ps1'
[2.714s] [34mcolcon.colcon_core.shell[0m [1;30mINFO[0m Creating prefix script '/media/soumik/18D07164D07148D0/CODE/GIT/Office_Codes/Ros2/samdhan_ng_processing/install/local_setup.sh'
[2.715s] [34mcolcon.colcon_core.shell[0m [1;30mINFO[0m Creating prefix util module '/media/soumik/18D07164D07148D0/CODE/GIT/Office_Codes/Ros2/samdhan_ng_processing/install/_local_setup_util_sh.py'
[2.717s] [34mcolcon.colcon_core.shell[0m [1;30mINFO[0m Creating prefix chain script '/media/soumik/18D07164D07148D0/CODE/GIT/Office_Codes/Ros2/samdhan_ng_processing/install/setup.sh'
[2.718s] [34mcolcon.colcon_core.shell[0m [1;30mINFO[0m Creating prefix script '/media/soumik/18D07164D07148D0/CODE/GIT/Office_Codes/Ros2/samdhan_ng_processing/install/local_setup.bash'
[2.719s] [34mcolcon.colcon_core.shell[0m [1;30mINFO[0m Creating prefix chain script '/media/soumik/18D07164D07148D0/CODE/GIT/Office_Codes/Ros2/samdhan_ng_processing/install/setup.bash'
[2.720s] [34mcolcon.colcon_core.shell[0m [1;30mINFO[0m Creating prefix script '/media/soumik/18D07164D07148D0/CODE/GIT/Office_Codes/Ros2/samdhan_ng_processing/install/local_setup.zsh'
[2.721s] [34mcolcon.colcon_core.shell[0m [1;30mINFO[0m Creating prefix chain script '/media/soumik/18D07164D07148D0/CODE/GIT/Office_Codes/Ros2/samdhan_ng_processing/install/setup.zsh'
